{"/home/travis/build/npmtest/node-npmtest-ts-loader/test.js":{"path":"/home/travis/build/npmtest/node-npmtest-ts-loader/test.js","s":{"1":2,"2":2,"3":2,"4":2,"5":2,"6":2,"7":2,"8":1,"9":2,"10":2,"11":1,"12":1,"13":1,"14":1,"15":2,"16":2,"17":2,"18":2,"19":1,"20":1,"21":2,"22":2,"23":2,"24":1,"25":1,"26":1,"27":1,"28":1,"29":1,"30":1,"31":1,"32":1,"33":1,"34":1,"35":1,"36":1,"37":1,"38":1,"39":2,"40":2,"41":1,"42":2,"43":2,"44":1,"45":2,"46":2,"47":1,"48":2,"49":2,"50":1,"51":1,"52":1,"53":1,"54":1},"b":{"1":[2,1,1,1],"2":[1,1,1,1],"3":[1,1],"4":[1,1],"5":[1,1],"6":[1,1],"7":[1,1],"8":[1,1],"9":[1,1],"10":[1,1,1],"11":[1,1],"12":[1,1],"13":[1,1],"14":[1,1],"15":[1,1],"16":[1,1],"17":[1,1]},"f":{"1":2,"2":2,"3":2,"4":2,"5":2,"6":1,"7":1,"8":1,"9":2,"10":2,"11":2,"12":2,"13":1},"fnMap":{"1":{"name":"(anonymous_1)","line":12,"loc":{"start":{"line":12,"column":1},"end":{"line":12,"column":13}}},"2":{"name":"(anonymous_2)","line":19,"loc":{"start":{"line":19,"column":5},"end":{"line":19,"column":17}}},"3":{"name":"(anonymous_3)","line":23,"loc":{"start":{"line":23,"column":24},"end":{"line":23,"column":36}}},"4":{"name":"(anonymous_4)","line":61,"loc":{"start":{"line":61,"column":5},"end":{"line":61,"column":17}}},"5":{"name":"(anonymous_5)","line":82,"loc":{"start":{"line":82,"column":5},"end":{"line":82,"column":17}}},"6":{"name":"(anonymous_6)","line":91,"loc":{"start":{"line":91,"column":77},"end":{"line":94,"column":10}}},"7":{"name":"(anonymous_7)","line":112,"loc":{"start":{"line":112,"column":83},"end":{"line":115,"column":10}},"skip":true},"8":{"name":"(anonymous_8)","line":123,"loc":{"start":{"line":123,"column":77},"end":{"line":126,"column":10}},"skip":true},"9":{"name":"(anonymous_9)","line":139,"loc":{"start":{"line":139,"column":12},"end":{"line":139,"column":40}},"skip":true},"10":{"name":"(anonymous_10)","line":147,"loc":{"start":{"line":147,"column":77},"end":{"line":150,"column":10}},"skip":true},"11":{"name":"(anonymous_11)","line":158,"loc":{"start":{"line":158,"column":83},"end":{"line":161,"column":10}},"skip":true},"12":{"name":"(anonymous_12)","line":169,"loc":{"start":{"line":169,"column":79},"end":{"line":172,"column":10}},"skip":true},"13":{"name":"(anonymous_13)","line":180,"loc":{"start":{"line":180,"column":75},"end":{"line":183,"column":10}},"skip":true}},"statementMap":{"1":{"start":{"line":12,"column":0},"end":{"line":195,"column":5}},"2":{"start":{"line":14,"column":4},"end":{"line":14,"column":14}},"3":{"start":{"line":19,"column":4},"end":{"line":56,"column":9}},"4":{"start":{"line":21,"column":8},"end":{"line":21,"column":19}},"5":{"start":{"line":23,"column":8},"end":{"line":35,"column":13}},"6":{"start":{"line":24,"column":12},"end":{"line":34,"column":13}},"7":{"start":{"line":25,"column":16},"end":{"line":28,"column":30}},"8":{"start":{"line":30,"column":16},"end":{"line":33,"column":27}},"9":{"start":{"line":37,"column":8},"end":{"line":39,"column":21}},"10":{"start":{"line":40,"column":8},"end":{"line":53,"column":9}},"11":{"start":{"line":43,"column":12},"end":{"line":46,"column":14}},"12":{"start":{"line":47,"column":12},"end":{"line":47,"column":18}},"13":{"start":{"line":50,"column":12},"end":{"line":51,"column":46}},"14":{"start":{"line":52,"column":12},"end":{"line":52,"column":18}},"15":{"start":{"line":55,"column":8},"end":{"line":55,"column":35}},"16":{"start":{"line":61,"column":4},"end":{"line":63,"column":9}},"17":{"start":{"line":62,"column":8},"end":{"line":62,"column":15}},"18":{"start":{"line":64,"column":4},"end":{"line":77,"column":5}},"19":{"start":{"line":70,"column":8},"end":{"line":70,"column":14}},"20":{"start":{"line":76,"column":8},"end":{"line":76,"column":14}},"21":{"start":{"line":82,"column":4},"end":{"line":84,"column":9}},"22":{"start":{"line":83,"column":8},"end":{"line":83,"column":15}},"23":{"start":{"line":85,"column":4},"end":{"line":194,"column":5}},"24":{"start":{"line":91,"column":8},"end":{"line":99,"column":10}},"25":{"start":{"line":98,"column":12},"end":{"line":98,"column":35}},"26":{"start":{"line":102,"column":8},"end":{"line":104,"column":63}},"27":{"start":{"line":105,"column":8},"end":{"line":105,"column":14}},"28":{"start":{"line":112,"column":8},"end":{"line":121,"column":10},"skip":true},"29":{"start":{"line":119,"column":12},"end":{"line":119,"column":55},"skip":true},"30":{"start":{"line":120,"column":12},"end":{"line":120,"column":48},"skip":true},"31":{"start":{"line":123,"column":8},"end":{"line":136,"column":10},"skip":true},"32":{"start":{"line":130,"column":12},"end":{"line":130,"column":76},"skip":true},"33":{"start":{"line":131,"column":12},"end":{"line":131,"column":73},"skip":true},"34":{"start":{"line":132,"column":12},"end":{"line":132,"column":74},"skip":true},"35":{"start":{"line":133,"column":12},"end":{"line":133,"column":79},"skip":true},"36":{"start":{"line":134,"column":12},"end":{"line":134,"column":25},"skip":true},"37":{"start":{"line":135,"column":12},"end":{"line":135,"column":45},"skip":true},"38":{"start":{"line":138,"column":8},"end":{"line":145,"column":14},"skip":true},"39":{"start":{"line":143,"column":16},"end":{"line":143,"column":29},"skip":true},"40":{"start":{"line":144,"column":16},"end":{"line":144,"column":55},"skip":true},"41":{"start":{"line":147,"column":8},"end":{"line":156,"column":10},"skip":true},"42":{"start":{"line":154,"column":12},"end":{"line":154,"column":25},"skip":true},"43":{"start":{"line":155,"column":12},"end":{"line":155,"column":45},"skip":true},"44":{"start":{"line":158,"column":8},"end":{"line":167,"column":10},"skip":true},"45":{"start":{"line":165,"column":12},"end":{"line":165,"column":25},"skip":true},"46":{"start":{"line":166,"column":12},"end":{"line":166,"column":48},"skip":true},"47":{"start":{"line":169,"column":8},"end":{"line":178,"column":10},"skip":true},"48":{"start":{"line":176,"column":12},"end":{"line":176,"column":25},"skip":true},"49":{"start":{"line":177,"column":12},"end":{"line":177,"column":46},"skip":true},"50":{"start":{"line":180,"column":8},"end":{"line":189,"column":10},"skip":true},"51":{"start":{"line":187,"column":12},"end":{"line":187,"column":94},"skip":true},"52":{"start":{"line":188,"column":12},"end":{"line":188,"column":48},"skip":true},"53":{"start":{"line":192,"column":8},"end":{"line":192,"column":35},"skip":true},"54":{"start":{"line":193,"column":8},"end":{"line":193,"column":14},"skip":true}},"branchMap":{"1":{"line":25,"type":"binary-expr","locations":[{"start":{"line":25,"column":23},"end":{"line":25,"column":62}},{"start":{"line":26,"column":20},"end":{"line":26,"column":70}},{"start":{"line":27,"column":20},"end":{"line":27,"column":71}},{"start":{"line":28,"column":20},"end":{"line":28,"column":29}}]},"2":{"line":30,"type":"binary-expr","locations":[{"start":{"line":30,"column":23},"end":{"line":30,"column":37}},{"start":{"line":31,"column":20},"end":{"line":31,"column":61}},{"start":{"line":32,"column":20},"end":{"line":32,"column":70}},{"start":{"line":33,"column":20},"end":{"line":33,"column":26}}]},"3":{"line":37,"type":"cond-expr","locations":[{"start":{"line":38,"column":14},"end":{"line":38,"column":20}},{"start":{"line":39,"column":14},"end":{"line":39,"column":20}}]},"4":{"line":40,"type":"switch","locations":[{"start":{"line":42,"column":8},"end":{"line":47,"column":18}},{"start":{"line":49,"column":8},"end":{"line":52,"column":18}}]},"5":{"line":44,"type":"binary-expr","locations":[{"start":{"line":44,"column":16},"end":{"line":44,"column":44}},{"start":{"line":44,"column":48},"end":{"line":44,"column":66}}]},"6":{"line":50,"type":"binary-expr","locations":[{"start":{"line":50,"column":21},"end":{"line":50,"column":49}},{"start":{"line":50,"column":53},"end":{"line":50,"column":72}}]},"7":{"line":64,"type":"switch","locations":[{"start":{"line":69,"column":4},"end":{"line":70,"column":14}},{"start":{"line":75,"column":4},"end":{"line":76,"column":14}}]},"8":{"line":85,"type":"switch","locations":[{"start":{"line":90,"column":4},"end":{"line":105,"column":14}},{"start":{"line":111,"column":4},"end":{"line":193,"column":14},"skip":true}]},"9":{"line":91,"type":"binary-expr","locations":[{"start":{"line":91,"column":42},"end":{"line":91,"column":73}},{"start":{"line":91,"column":77},"end":{"line":99,"column":9}}]},"10":{"line":102,"type":"binary-expr","locations":[{"start":{"line":102,"column":18},"end":{"line":102,"column":32}},{"start":{"line":103,"column":12},"end":{"line":103,"column":53}},{"start":{"line":104,"column":12},"end":{"line":104,"column":61}}]},"11":{"line":112,"type":"binary-expr","locations":[{"start":{"line":112,"column":45},"end":{"line":112,"column":79},"skip":true},{"start":{"line":112,"column":83},"end":{"line":121,"column":9},"skip":true}]},"12":{"line":123,"type":"binary-expr","locations":[{"start":{"line":123,"column":42},"end":{"line":123,"column":73},"skip":true},{"start":{"line":123,"column":77},"end":{"line":136,"column":9},"skip":true}]},"13":{"line":138,"type":"binary-expr","locations":[{"start":{"line":138,"column":48},"end":{"line":138,"column":85},"skip":true},{"start":{"line":139,"column":12},"end":{"line":145,"column":13},"skip":true}]},"14":{"line":147,"type":"binary-expr","locations":[{"start":{"line":147,"column":42},"end":{"line":147,"column":73},"skip":true},{"start":{"line":147,"column":77},"end":{"line":156,"column":9},"skip":true}]},"15":{"line":158,"type":"binary-expr","locations":[{"start":{"line":158,"column":45},"end":{"line":158,"column":79},"skip":true},{"start":{"line":158,"column":83},"end":{"line":167,"column":9},"skip":true}]},"16":{"line":169,"type":"binary-expr","locations":[{"start":{"line":169,"column":43},"end":{"line":169,"column":75},"skip":true},{"start":{"line":169,"column":79},"end":{"line":178,"column":9},"skip":true}]},"17":{"line":180,"type":"binary-expr","locations":[{"start":{"line":180,"column":41},"end":{"line":180,"column":71},"skip":true},{"start":{"line":180,"column":75},"end":{"line":189,"column":9},"skip":true}]}},"code":["/* istanbul instrument in package npmtest_ts_loader */","/*jslint","    bitwise: true,","    browser: true,","    maxerr: 8,","    maxlen: 96,","    node: true,","    nomen: true,","    regexp: true,","    stupid: true","*/","(function () {","    'use strict';","    var local;","","","","    // run shared js-env code - pre-init","    (function () {","        // init local","        local = {};","        // init modeJs","        local.modeJs = (function () {","            try {","                return typeof navigator.userAgent === 'string' &&","                    typeof document.querySelector('body') === 'object' &&","                    typeof XMLHttpRequest.prototype.open === 'function' &&","                    'browser';","            } catch (errorCaughtBrowser) {","                return module.exports &&","                    typeof process.versions.node === 'string' &&","                    typeof require('http').createServer === 'function' &&","                    'node';","            }","        }());","        // init global","        local.global = local.modeJs === 'browser'","            ? window","            : global;","        switch (local.modeJs) {","        // re-init local from window.local","        case 'browser':","            local = local.global.utility2.objectSetDefault(","                local.global.utility2_rollup || local.global.local,","                local.global.utility2","            );","            break;","        // re-init local from example.js","        case 'node':","            local = (local.global.utility2_rollup || require('utility2'))","                .requireExampleJsFromReadme();","            break;","        }","        // export local","        local.global.local = local;","    }());","","","","    // run shared js-env code - function","    (function () {","        return;","    }());","    switch (local.modeJs) {","","","","    // run browser js-env code - function","    case 'browser':","        break;","","","","    // run node js-env code - function","    case 'node':","        break;","    }","","","","    // run shared js-env code - post-init","    (function () {","        return;","    }());","    switch (local.modeJs) {","","","","    // run browser js-env code - post-init","    case 'browser':","        local.testCase_browser_nullCase = local.testCase_browser_nullCase || function (","            options,","            onError","        ) {","        /*","         * this function will test browsers's null-case handling-behavior-behavior","         */","            onError(null, options);","        };","","        // run tests","        local.nop(local.modeTest &&","            document.querySelector('#testRunButton1') &&","            document.querySelector('#testRunButton1').click());","        break;","","","","    // run node js-env code - post-init","    /* istanbul ignore next */","    case 'node':","        local.testCase_buildApidoc_default = local.testCase_buildApidoc_default || function (","            options,","            onError","        ) {","        /*","         * this function will test buildApidoc's default handling-behavior-behavior","         */","            options = { modulePathList: module.paths };","            local.buildApidoc(options, onError);","        };","","        local.testCase_buildApp_default = local.testCase_buildApp_default || function (","            options,","            onError","        ) {","        /*","         * this function will test buildApp's default handling-behavior-behavior","         */","            local.testCase_buildReadme_default(options, local.onErrorThrow);","            local.testCase_buildLib_default(options, local.onErrorThrow);","            local.testCase_buildTest_default(options, local.onErrorThrow);","            local.testCase_buildCustomOrg_default(options, local.onErrorThrow);","            options = [];","            local.buildApp(options, onError);","        };","","        local.testCase_buildCustomOrg_default = local.testCase_buildCustomOrg_default ||","            function (options, onError) {","            /*","             * this function will test buildCustomOrg's default handling-behavior","             */","                options = {};","                local.buildCustomOrg(options, onError);","            };","","        local.testCase_buildLib_default = local.testCase_buildLib_default || function (","            options,","            onError","        ) {","        /*","         * this function will test buildLib's default handling-behavior","         */","            options = {};","            local.buildLib(options, onError);","        };","","        local.testCase_buildReadme_default = local.testCase_buildReadme_default || function (","            options,","            onError","        ) {","        /*","         * this function will test buildReadme's default handling-behavior-behavior","         */","            options = {};","            local.buildReadme(options, onError);","        };","","        local.testCase_buildTest_default = local.testCase_buildTest_default || function (","            options,","            onError","        ) {","        /*","         * this function will test buildTest's default handling-behavior","         */","            options = {};","            local.buildTest(options, onError);","        };","","        local.testCase_webpage_default = local.testCase_webpage_default || function (","            options,","            onError","        ) {","        /*","         * this function will test webpage's default handling-behavior","         */","            options = { modeCoverageMerge: true, url: local.serverLocalHost + '?modeTest=1' };","            local.browserTest(options, onError);","        };","","        // run test-server","        local.testRunServer(local);","        break;","    }","}());",""],"l":{"12":2,"14":2,"19":2,"21":2,"23":2,"24":2,"25":2,"30":1,"37":2,"40":2,"43":1,"47":1,"50":1,"52":1,"55":2,"61":2,"62":2,"64":2,"70":1,"76":1,"82":2,"83":2,"85":2,"91":1,"98":1,"102":1,"105":1,"112":1,"119":1,"120":1,"123":1,"130":1,"131":1,"132":1,"133":1,"134":1,"135":1,"138":1,"143":2,"144":2,"147":1,"154":2,"155":2,"158":1,"165":2,"166":2,"169":1,"176":2,"177":2,"180":1,"187":1,"188":1,"192":1,"193":1}},"/home/travis/build/npmtest/node-npmtest-ts-loader/lib.npmtest_ts_loader.js":{"path":"/home/travis/build/npmtest/node-npmtest-ts-loader/lib.npmtest_ts_loader.js","s":{"1":2,"2":2,"3":2,"4":2,"5":2,"6":2,"7":2,"8":1,"9":2,"10":2,"11":2,"12":2,"13":1,"14":1,"15":1,"16":1},"b":{"1":[2,1,1,1],"2":[1,1,1,1],"3":[1,1],"4":[2,2],"5":[1,1]},"f":{"1":2,"2":2,"3":2},"fnMap":{"1":{"name":"(anonymous_1)","line":12,"loc":{"start":{"line":12,"column":1},"end":{"line":12,"column":13}}},"2":{"name":"(anonymous_2)","line":19,"loc":{"start":{"line":19,"column":5},"end":{"line":19,"column":17}}},"3":{"name":"(anonymous_3)","line":23,"loc":{"start":{"line":23,"column":24},"end":{"line":23,"column":36}}}},"statementMap":{"1":{"start":{"line":12,"column":0},"end":{"line":53,"column":5}},"2":{"start":{"line":14,"column":4},"end":{"line":14,"column":14}},"3":{"start":{"line":19,"column":4},"end":{"line":52,"column":9}},"4":{"start":{"line":21,"column":8},"end":{"line":21,"column":19}},"5":{"start":{"line":23,"column":8},"end":{"line":35,"column":13}},"6":{"start":{"line":24,"column":12},"end":{"line":34,"column":13}},"7":{"start":{"line":25,"column":16},"end":{"line":28,"column":30}},"8":{"start":{"line":30,"column":16},"end":{"line":33,"column":27}},"9":{"start":{"line":37,"column":8},"end":{"line":39,"column":21}},"10":{"start":{"line":41,"column":8},"end":{"line":41,"column":54}},"11":{"start":{"line":43,"column":8},"end":{"line":43,"column":54}},"12":{"start":{"line":45,"column":8},"end":{"line":51,"column":9}},"13":{"start":{"line":46,"column":12},"end":{"line":46,"column":60}},"14":{"start":{"line":48,"column":12},"end":{"line":48,"column":35}},"15":{"start":{"line":49,"column":12},"end":{"line":49,"column":49}},"16":{"start":{"line":50,"column":12},"end":{"line":50,"column":43}}},"branchMap":{"1":{"line":25,"type":"binary-expr","locations":[{"start":{"line":25,"column":23},"end":{"line":25,"column":62}},{"start":{"line":26,"column":20},"end":{"line":26,"column":70}},{"start":{"line":27,"column":20},"end":{"line":27,"column":71}},{"start":{"line":28,"column":20},"end":{"line":28,"column":29}}]},"2":{"line":30,"type":"binary-expr","locations":[{"start":{"line":30,"column":23},"end":{"line":30,"column":37}},{"start":{"line":31,"column":20},"end":{"line":31,"column":61}},{"start":{"line":32,"column":20},"end":{"line":32,"column":70}},{"start":{"line":33,"column":20},"end":{"line":33,"column":26}}]},"3":{"line":37,"type":"cond-expr","locations":[{"start":{"line":38,"column":14},"end":{"line":38,"column":20}},{"start":{"line":39,"column":14},"end":{"line":39,"column":20}}]},"4":{"line":41,"type":"binary-expr","locations":[{"start":{"line":41,"column":16},"end":{"line":41,"column":44}},{"start":{"line":41,"column":48},"end":{"line":41,"column":53}}]},"5":{"line":45,"type":"if","locations":[{"start":{"line":45,"column":8},"end":{"line":45,"column":8}},{"start":{"line":45,"column":8},"end":{"line":45,"column":8}}]}},"code":["/* istanbul instrument in package npmtest_ts_loader */","/*jslint","    bitwise: true,","    browser: true,","    maxerr: 8,","    maxlen: 96,","    node: true,","    nomen: true,","    regexp: true,","    stupid: true","*/","(function () {","    'use strict';","    var local;","","","","    // run shared js-env code - pre-init","    (function () {","        // init local","        local = {};","        // init modeJs","        local.modeJs = (function () {","            try {","                return typeof navigator.userAgent === 'string' &&","                    typeof document.querySelector('body') === 'object' &&","                    typeof XMLHttpRequest.prototype.open === 'function' &&","                    'browser';","            } catch (errorCaughtBrowser) {","                return module.exports &&","                    typeof process.versions.node === 'string' &&","                    typeof require('http').createServer === 'function' &&","                    'node';","            }","        }());","        // init global","        local.global = local.modeJs === 'browser'","            ? window","            : global;","        // init utility2_rollup","        local = local.global.utility2_rollup || local;","        // init lib","        local.local = local.npmtest_ts_loader = local;","        // init exports","        if (local.modeJs === 'browser') {","            local.global.utility2_npmtest_ts_loader = local;","        } else {","            module.exports = local;","            module.exports.__dirname = __dirname;","            module.exports.module = module;","        }","    }());","}());",""],"l":{"12":2,"14":2,"19":2,"21":2,"23":2,"24":2,"25":2,"30":1,"37":2,"41":2,"43":2,"45":2,"46":1,"48":1,"49":1,"50":1}},"/home/travis/build/npmtest/node-npmtest-ts-loader/example.js":{"path":"/home/travis/build/npmtest/node-npmtest-ts-loader/example.js","s":{"1":2,"2":2,"3":2,"4":2,"5":2,"6":2,"7":2,"8":1,"9":2,"10":2,"11":2,"12":2,"13":1,"14":2,"15":2,"16":2,"17":2,"18":2,"19":0,"20":2,"21":1,"22":1,"23":1,"24":1,"25":1,"26":0,"27":0,"28":1,"29":1,"30":2,"31":0,"32":0,"33":0,"34":1,"35":2,"36":2,"37":3,"38":3,"39":3,"40":3,"41":0,"42":3,"43":3,"44":3,"45":1,"46":3,"47":1,"48":1,"49":1,"50":1,"51":1,"52":1,"53":1,"54":1,"55":1,"56":1,"57":0,"58":1,"59":6,"60":6,"61":1,"62":2,"63":0,"64":2,"65":1,"66":1,"67":0,"68":0,"69":0,"70":0,"71":0,"72":0,"73":0,"74":0,"75":0,"76":0,"77":0,"78":0,"79":0,"80":0,"81":0,"82":0,"83":0},"b":{"1":[2,1,1,1],"2":[1,1,1,1],"3":[1,1],"4":[2,2],"5":[1,1],"6":[1,1],"7":[2,0],"8":[2,1,1,1,1,1],"9":[0,2,0],"10":[1,1],"11":[2,1,1],"12":[1,0],"13":[0,2],"14":[2,0,0,0,0,0,0],"15":[0,3],"16":[3,0],"17":[1,1],"18":[0,1],"19":[1,2,0,2],"20":[1,0],"21":[1,1],"22":[0,0],"23":[0,0],"24":[0,0],"25":[0,0],"26":[0,0],"27":[0,0],"28":[0,0]},"f":{"1":2,"2":2,"3":2,"4":2,"5":2,"6":2,"7":3,"8":3,"9":3,"10":1,"11":6,"12":0},"fnMap":{"1":{"name":"(anonymous_1)","line":26,"loc":{"start":{"line":26,"column":1},"end":{"line":26,"column":13}}},"2":{"name":"(anonymous_2)","line":33,"loc":{"start":{"line":33,"column":5},"end":{"line":33,"column":17}}},"3":{"name":"(anonymous_3)","line":37,"loc":{"start":{"line":37,"column":24},"end":{"line":37,"column":36}}},"4":{"name":"(anonymous_4)","line":69,"loc":{"start":{"line":69,"column":31},"end":{"line":69,"column":48}},"skip":true},"5":{"name":"(anonymous_5)","line":78,"loc":{"start":{"line":78,"column":26},"end":{"line":78,"column":45}},"skip":true},"6":{"name":"(anonymous_6)","line":123,"loc":{"start":{"line":123,"column":33},"end":{"line":123,"column":48}},"skip":true},"7":{"name":"(anonymous_7)","line":125,"loc":{"start":{"line":125,"column":27},"end":{"line":125,"column":39}},"skip":true},"8":{"name":"(anonymous_8)","line":133,"loc":{"start":{"line":133,"column":59},"end":{"line":133,"column":74}},"skip":true},"9":{"name":"(anonymous_9)","line":143,"loc":{"start":{"line":143,"column":45},"end":{"line":143,"column":62}},"skip":true},"10":{"name":"(anonymous_10)","line":144,"loc":{"start":{"line":144,"column":73},"end":{"line":144,"column":92}},"skip":true},"11":{"name":"(anonymous_11)","line":272,"loc":{"start":{"line":272,"column":51},"end":{"line":272,"column":77}},"skip":true},"12":{"name":"(anonymous_12)","line":315,"loc":{"start":{"line":315,"column":32},"end":{"line":315,"column":61}},"skip":true}},"statementMap":{"1":{"start":{"line":26,"column":0},"end":{"line":326,"column":5}},"2":{"start":{"line":28,"column":4},"end":{"line":28,"column":14}},"3":{"start":{"line":33,"column":4},"end":{"line":60,"column":9}},"4":{"start":{"line":35,"column":8},"end":{"line":35,"column":19}},"5":{"start":{"line":37,"column":8},"end":{"line":49,"column":13}},"6":{"start":{"line":38,"column":12},"end":{"line":48,"column":13}},"7":{"start":{"line":39,"column":16},"end":{"line":42,"column":30}},"8":{"start":{"line":44,"column":16},"end":{"line":47,"column":27}},"9":{"start":{"line":51,"column":8},"end":{"line":53,"column":21}},"10":{"start":{"line":55,"column":8},"end":{"line":57,"column":45}},"11":{"start":{"line":59,"column":8},"end":{"line":59,"column":35}},"12":{"start":{"line":61,"column":4},"end":{"line":325,"column":5}},"13":{"start":{"line":69,"column":8},"end":{"line":121,"column":10},"skip":true},"14":{"start":{"line":70,"column":12},"end":{"line":88,"column":13},"skip":true},"15":{"start":{"line":76,"column":16},"end":{"line":87,"column":19},"skip":true},"16":{"start":{"line":79,"column":20},"end":{"line":86,"column":21},"skip":true},"17":{"start":{"line":82,"column":24},"end":{"line":82,"column":43},"skip":true},"18":{"start":{"line":83,"column":24},"end":{"line":83,"column":30},"skip":true},"19":{"start":{"line":85,"column":24},"end":{"line":85,"column":49},"skip":true},"20":{"start":{"line":89,"column":12},"end":{"line":107,"column":13},"skip":true},"21":{"start":{"line":92,"column":16},"end":{"line":102,"column":17},"skip":true},"22":{"start":{"line":93,"column":20},"end":{"line":93,"column":86},"skip":true},"23":{"start":{"line":94,"column":20},"end":{"line":95,"column":45},"skip":true},"24":{"start":{"line":96,"column":20},"end":{"line":96,"column":42},"skip":true},"25":{"start":{"line":97,"column":20},"end":{"line":97,"column":48},"skip":true},"26":{"start":{"line":100,"column":20},"end":{"line":100,"column":85},"skip":true},"27":{"start":{"line":101,"column":20},"end":{"line":101,"column":96},"skip":true},"28":{"start":{"line":103,"column":16},"end":{"line":103,"column":22},"skip":true},"29":{"start":{"line":106,"column":16},"end":{"line":106,"column":22},"skip":true},"30":{"start":{"line":108,"column":12},"end":{"line":120,"column":13},"skip":true},"31":{"start":{"line":114,"column":16},"end":{"line":119,"column":17},"skip":true},"32":{"start":{"line":116,"column":20},"end":{"line":116,"column":78},"skip":true},"33":{"start":{"line":118,"column":20},"end":{"line":118,"column":47},"skip":true},"34":{"start":{"line":123,"column":8},"end":{"line":141,"column":11},"skip":true},"35":{"start":{"line":124,"column":12},"end":{"line":124,"column":54},"skip":true},"36":{"start":{"line":125,"column":12},"end":{"line":140,"column":14},"skip":true},"37":{"start":{"line":126,"column":16},"end":{"line":126,"column":28},"skip":true},"38":{"start":{"line":127,"column":16},"end":{"line":127,"column":69},"skip":true},"39":{"start":{"line":128,"column":16},"end":{"line":128,"column":75},"skip":true},"40":{"start":{"line":129,"column":16},"end":{"line":131,"column":17},"skip":true},"41":{"start":{"line":130,"column":20},"end":{"line":130,"column":27},"skip":true},"42":{"start":{"line":133,"column":16},"end":{"line":137,"column":36},"skip":true},"43":{"start":{"line":134,"column":20},"end":{"line":136,"column":55},"skip":true},"44":{"start":{"line":139,"column":16},"end":{"line":139,"column":57},"skip":true},"45":{"start":{"line":143,"column":8},"end":{"line":147,"column":11},"skip":true},"46":{"start":{"line":144,"column":12},"end":{"line":146,"column":15},"skip":true},"47":{"start":{"line":145,"column":16},"end":{"line":145,"column":70},"skip":true},"48":{"start":{"line":149,"column":8},"end":{"line":149,"column":31},"skip":true},"49":{"start":{"line":150,"column":8},"end":{"line":150,"column":14},"skip":true},"50":{"start":{"line":158,"column":8},"end":{"line":158,"column":31},"skip":true},"51":{"start":{"line":160,"column":8},"end":{"line":160,"column":33},"skip":true},"52":{"start":{"line":161,"column":8},"end":{"line":161,"column":37},"skip":true},"53":{"start":{"line":162,"column":8},"end":{"line":162,"column":35},"skip":true},"54":{"start":{"line":164,"column":8},"end":{"line":164,"column":50},"skip":true},"55":{"start":{"line":166,"column":8},"end":{"line":256,"column":2},"skip":true},"56":{"start":{"line":258,"column":8},"end":{"line":286,"column":9},"skip":true},"57":{"start":{"line":259,"column":12},"end":{"line":269,"column":14},"skip":true},"58":{"start":{"line":271,"column":12},"end":{"line":285,"column":19},"skip":true},"59":{"start":{"line":274,"column":20},"end":{"line":274,"column":35},"skip":true},"60":{"start":{"line":275,"column":20},"end":{"line":284,"column":21},"skip":true},"61":{"start":{"line":277,"column":24},"end":{"line":277,"column":64},"skip":true},"62":{"start":{"line":279,"column":24},"end":{"line":279,"column":40},"skip":true},"63":{"start":{"line":281,"column":24},"end":{"line":281,"column":40},"skip":true},"64":{"start":{"line":283,"column":24},"end":{"line":283,"column":39},"skip":true},"65":{"start":{"line":288,"column":8},"end":{"line":290,"column":9},"skip":true},"66":{"start":{"line":289,"column":12},"end":{"line":289,"column":18},"skip":true},"67":{"start":{"line":291,"column":8},"end":{"line":293,"column":54},"skip":true},"68":{"start":{"line":296,"column":8},"end":{"line":301,"column":37},"skip":true},"69":{"start":{"line":303,"column":8},"end":{"line":303,"column":82},"skip":true},"70":{"start":{"line":306,"column":8},"end":{"line":308,"column":9},"skip":true},"71":{"start":{"line":307,"column":12},"end":{"line":307,"column":82},"skip":true},"72":{"start":{"line":310,"column":8},"end":{"line":312,"column":9},"skip":true},"73":{"start":{"line":311,"column":12},"end":{"line":311,"column":18},"skip":true},"74":{"start":{"line":313,"column":8},"end":{"line":313,"column":54},"skip":true},"75":{"start":{"line":314,"column":8},"end":{"line":314,"column":69},"skip":true},"76":{"start":{"line":315,"column":8},"end":{"line":323,"column":36},"skip":true},"77":{"start":{"line":316,"column":12},"end":{"line":316,"column":61},"skip":true},"78":{"start":{"line":317,"column":12},"end":{"line":320,"column":13},"skip":true},"79":{"start":{"line":318,"column":16},"end":{"line":318,"column":75},"skip":true},"80":{"start":{"line":319,"column":16},"end":{"line":319,"column":23},"skip":true},"81":{"start":{"line":321,"column":12},"end":{"line":321,"column":38},"skip":true},"82":{"start":{"line":322,"column":12},"end":{"line":322,"column":27},"skip":true},"83":{"start":{"line":324,"column":8},"end":{"line":324,"column":14},"skip":true}},"branchMap":{"1":{"line":39,"type":"binary-expr","locations":[{"start":{"line":39,"column":23},"end":{"line":39,"column":62}},{"start":{"line":40,"column":20},"end":{"line":40,"column":70}},{"start":{"line":41,"column":20},"end":{"line":41,"column":71}},{"start":{"line":42,"column":20},"end":{"line":42,"column":29}}]},"2":{"line":44,"type":"binary-expr","locations":[{"start":{"line":44,"column":23},"end":{"line":44,"column":37}},{"start":{"line":45,"column":20},"end":{"line":45,"column":61}},{"start":{"line":46,"column":20},"end":{"line":46,"column":70}},{"start":{"line":47,"column":20},"end":{"line":47,"column":26}}]},"3":{"line":51,"type":"cond-expr","locations":[{"start":{"line":52,"column":14},"end":{"line":52,"column":20}},{"start":{"line":53,"column":14},"end":{"line":53,"column":20}}]},"4":{"line":55,"type":"binary-expr","locations":[{"start":{"line":55,"column":16},"end":{"line":55,"column":44}},{"start":{"line":55,"column":49},"end":{"line":57,"column":43}}]},"5":{"line":55,"type":"cond-expr","locations":[{"start":{"line":56,"column":14},"end":{"line":56,"column":53}},{"start":{"line":57,"column":14},"end":{"line":57,"column":43}}]},"6":{"line":61,"type":"switch","locations":[{"start":{"line":68,"column":4},"end":{"line":150,"column":14},"skip":true},{"start":{"line":156,"column":4},"end":{"line":324,"column":14},"skip":true}]},"7":{"line":70,"type":"if","locations":[{"start":{"line":70,"column":12},"end":{"line":70,"column":12},"skip":true},{"start":{"line":70,"column":12},"end":{"line":70,"column":12},"skip":true}]},"8":{"line":70,"type":"binary-expr","locations":[{"start":{"line":70,"column":16},"end":{"line":70,"column":22},"skip":true},{"start":{"line":70,"column":27},"end":{"line":70,"column":32},"skip":true},{"start":{"line":71,"column":20},"end":{"line":71,"column":39},"skip":true},{"start":{"line":72,"column":20},"end":{"line":72,"column":49},"skip":true},{"start":{"line":73,"column":20},"end":{"line":73,"column":58},"skip":true},{"start":{"line":74,"column":20},"end":{"line":74,"column":69},"skip":true}]},"9":{"line":79,"type":"switch","locations":[{"start":{"line":80,"column":20},"end":{"line":80,"column":33},"skip":true},{"start":{"line":81,"column":20},"end":{"line":83,"column":30},"skip":true},{"start":{"line":84,"column":20},"end":{"line":85,"column":49},"skip":true}]},"10":{"line":89,"type":"switch","locations":[{"start":{"line":90,"column":12},"end":{"line":103,"column":22},"skip":true},{"start":{"line":105,"column":12},"end":{"line":106,"column":22},"skip":true}]},"11":{"line":89,"type":"binary-expr","locations":[{"start":{"line":89,"column":20},"end":{"line":89,"column":25},"skip":true},{"start":{"line":89,"column":29},"end":{"line":89,"column":48},"skip":true},{"start":{"line":89,"column":52},"end":{"line":89,"column":74},"skip":true}]},"12":{"line":92,"type":"if","locations":[{"start":{"line":92,"column":16},"end":{"line":92,"column":16},"skip":true},{"start":{"line":92,"column":16},"end":{"line":92,"column":16},"skip":true}]},"13":{"line":108,"type":"if","locations":[{"start":{"line":108,"column":12},"end":{"line":108,"column":12},"skip":true},{"start":{"line":108,"column":12},"end":{"line":108,"column":12},"skip":true}]},"14":{"line":108,"type":"binary-expr","locations":[{"start":{"line":108,"column":16},"end":{"line":108,"column":61},"skip":true},{"start":{"line":108,"column":66},"end":{"line":108,"column":72},"skip":true},{"start":{"line":108,"column":77},"end":{"line":108,"column":82},"skip":true},{"start":{"line":109,"column":20},"end":{"line":109,"column":39},"skip":true},{"start":{"line":110,"column":20},"end":{"line":110,"column":49},"skip":true},{"start":{"line":111,"column":20},"end":{"line":111,"column":58},"skip":true},{"start":{"line":112,"column":20},"end":{"line":112,"column":68},"skip":true}]},"15":{"line":129,"type":"if","locations":[{"start":{"line":129,"column":16},"end":{"line":129,"column":16},"skip":true},{"start":{"line":129,"column":16},"end":{"line":129,"column":16},"skip":true}]},"16":{"line":134,"type":"cond-expr","locations":[{"start":{"line":135,"column":26},"end":{"line":135,"column":29},"skip":true},{"start":{"line":136,"column":26},"end":{"line":136,"column":54},"skip":true}]},"17":{"line":164,"type":"binary-expr","locations":[{"start":{"line":164,"column":27},"end":{"line":164,"column":43},"skip":true},{"start":{"line":164,"column":47},"end":{"line":164,"column":49},"skip":true}]},"18":{"line":258,"type":"if","locations":[{"start":{"line":258,"column":8},"end":{"line":258,"column":8},"skip":true},{"start":{"line":258,"column":8},"end":{"line":258,"column":8},"skip":true}]},"19":{"line":275,"type":"switch","locations":[{"start":{"line":276,"column":20},"end":{"line":277,"column":64},"skip":true},{"start":{"line":278,"column":20},"end":{"line":279,"column":40},"skip":true},{"start":{"line":280,"column":20},"end":{"line":281,"column":40},"skip":true},{"start":{"line":282,"column":20},"end":{"line":283,"column":39},"skip":true}]},"20":{"line":288,"type":"if","locations":[{"start":{"line":288,"column":8},"end":{"line":288,"column":8},"skip":true},{"start":{"line":288,"column":8},"end":{"line":288,"column":8},"skip":true}]},"21":{"line":288,"type":"binary-expr","locations":[{"start":{"line":288,"column":12},"end":{"line":288,"column":40},"skip":true},{"start":{"line":288,"column":44},"end":{"line":288,"column":67},"skip":true}]},"22":{"line":292,"type":"binary-expr","locations":[{"start":{"line":292,"column":12},"end":{"line":292,"column":50},"skip":true},{"start":{"line":293,"column":12},"end":{"line":293,"column":53},"skip":true}]},"23":{"line":297,"type":"binary-expr","locations":[{"start":{"line":297,"column":12},"end":{"line":297,"column":67},"skip":true},{"start":{"line":298,"column":12},"end":{"line":301,"column":36},"skip":true}]},"24":{"line":303,"type":"binary-expr","locations":[{"start":{"line":303,"column":43},"end":{"line":303,"column":75},"skip":true},{"start":{"line":303,"column":79},"end":{"line":303,"column":81},"skip":true}]},"25":{"line":306,"type":"if","locations":[{"start":{"line":306,"column":8},"end":{"line":306,"column":8},"skip":true},{"start":{"line":306,"column":8},"end":{"line":306,"column":8},"skip":true}]},"26":{"line":310,"type":"if","locations":[{"start":{"line":310,"column":8},"end":{"line":310,"column":8},"skip":true},{"start":{"line":310,"column":8},"end":{"line":310,"column":8},"skip":true}]},"27":{"line":313,"type":"binary-expr","locations":[{"start":{"line":313,"column":27},"end":{"line":313,"column":43},"skip":true},{"start":{"line":313,"column":47},"end":{"line":313,"column":53},"skip":true}]},"28":{"line":317,"type":"if","locations":[{"start":{"line":317,"column":12},"end":{"line":317,"column":12},"skip":true},{"start":{"line":317,"column":12},"end":{"line":317,"column":12},"skip":true}]}},"code":["/*","example.js","","quickstart example","","instruction","    1. save this script as example.js","    2. run the shell command:","        $ npm install npmtest-ts-loader && PORT=8081 node example.js","    3. play with the browser-demo on http://127.0.0.1:8081","*/","","","","/* istanbul instrument in package npmtest_ts_loader */","/*jslint","    bitwise: true,","    browser: true,","    maxerr: 8,","    maxlen: 96,","    node: true,","    nomen: true,","    regexp: true,","    stupid: true","*/","(function () {","    'use strict';","    var local;","","","","    // run shared js-env code - pre-init","    (function () {","        // init local","        local = {};","        // init modeJs","        local.modeJs = (function () {","            try {","                return typeof navigator.userAgent === 'string' &&","                    typeof document.querySelector('body') === 'object' &&","                    typeof XMLHttpRequest.prototype.open === 'function' &&","                    'browser';","            } catch (errorCaughtBrowser) {","                return module.exports &&","                    typeof process.versions.node === 'string' &&","                    typeof require('http').createServer === 'function' &&","                    'node';","            }","        }());","        // init global","        local.global = local.modeJs === 'browser'","            ? window","            : global;","        // init utility2_rollup","        local = local.global.utility2_rollup || (local.modeJs === 'browser'","            ? local.global.utility2_npmtest_ts_loader","            : global.utility2_moduleExports);","        // export local","        local.global.local = local;","    }());","    switch (local.modeJs) {","","","","    // post-init","    // run browser js-env code - post-init","    /* istanbul ignore next */","    case 'browser':","        local.testRunBrowser = function (event) {","            if (!event || (event &&","                    event.currentTarget &&","                    event.currentTarget.className &&","                    event.currentTarget.className.includes &&","                    event.currentTarget.className.includes('onreset'))) {","                // reset output","                Array.from(","                    document.querySelectorAll('body > .resettable')","                ).forEach(function (element) {","                    switch (element.tagName) {","                    case 'INPUT':","                    case 'TEXTAREA':","                        element.value = '';","                        break;","                    default:","                        element.textContent = '';","                    }","                });","            }","            switch (event && event.currentTarget && event.currentTarget.id) {","            case 'testRunButton1':","                // show tests","                if (document.querySelector('#testReportDiv1').style.display === 'none') {","                    document.querySelector('#testReportDiv1').style.display = 'block';","                    document.querySelector('#testRunButton1').textContent =","                        'hide internal test';","                    local.modeTest = true;","                    local.testRunDefault(local);","                // hide tests","                } else {","                    document.querySelector('#testReportDiv1').style.display = 'none';","                    document.querySelector('#testRunButton1').textContent = 'run internal test';","                }","                break;","            // custom-case","            default:","                break;","            }","            if (document.querySelector('#inputTextareaEval1') && (!event || (event &&","                    event.currentTarget &&","                    event.currentTarget.className &&","                    event.currentTarget.className.includes &&","                    event.currentTarget.className.includes('oneval')))) {","                // try to eval input-code","                try {","                    /*jslint evil: true*/","                    eval(document.querySelector('#inputTextareaEval1').value);","                } catch (errorCaught) {","                    console.error(errorCaught);","                }","            }","        };","        // log stderr and stdout to #outputTextareaStdout1","        ['error', 'log'].forEach(function (key) {","            console[key + '_original'] = console[key];","            console[key] = function () {","                var element;","                console[key + '_original'].apply(console, arguments);","                element = document.querySelector('#outputTextareaStdout1');","                if (!element) {","                    return;","                }","                // append text to #outputTextareaStdout1","                element.value += Array.from(arguments).map(function (arg) {","                    return typeof arg === 'string'","                        ? arg","                        : JSON.stringify(arg, null, 4);","                }).join(' ') + '\\n';","                // scroll textarea to bottom","                element.scrollTop = element.scrollHeight;","            };","        });","        // init event-handling","        ['change', 'click', 'keyup'].forEach(function (event) {","            Array.from(document.querySelectorAll('.on' + event)).forEach(function (element) {","                element.addEventListener(event, local.testRunBrowser);","            });","        });","        // run tests","        local.testRunBrowser();","        break;","","","","    // run node js-env code - post-init","    /* istanbul ignore next */","    case 'node':","        // export local","        module.exports = local;","        // require modules","        local.fs = require('fs');","        local.http = require('http');","        local.url = require('url');","        // init assets","        local.assetsDict = local.assetsDict || {};","        /* jslint-ignore-begin */","        local.assetsDict['/assets.index.template.html'] = '\\","<!doctype html>\\n\\","<html lang=\"en\">\\n\\","<head>\\n\\","<meta charset=\"UTF-8\">\\n\\","<meta name=\"viewport\" content=\"width=device-width, initial-scale=1\">\\n\\","<title>{{env.npm_package_name}} (v{{env.npm_package_version}})</title>\\n\\","<style>\\n\\","/*csslint\\n\\","    box-sizing: false,\\n\\","    universal-selector: false\\n\\","*/\\n\\","* {\\n\\","    box-sizing: border-box;\\n\\","}\\n\\","body {\\n\\","    background: #dde;\\n\\","    font-family: Arial, Helvetica, sans-serif;\\n\\","    margin: 2rem;\\n\\","}\\n\\","body > * {\\n\\","    margin-bottom: 1rem;\\n\\","}\\n\\",".utility2FooterDiv {\\n\\","    margin-top: 20px;\\n\\","    text-align: center;\\n\\","}\\n\\","</style>\\n\\","<style>\\n\\","/*csslint\\n\\","*/\\n\\","textarea {\\n\\","    font-family: monospace;\\n\\","    height: 10rem;\\n\\","    width: 100%;\\n\\","}\\n\\","textarea[readonly] {\\n\\","    background: #ddd;\\n\\","}\\n\\","</style>\\n\\","</head>\\n\\","<body>\\n\\","<!-- utility2-comment\\n\\","<div id=\"ajaxProgressDiv1\" style=\"background: #d00; height: 2px; left: 0; margin: 0; padding: 0; position: fixed; top: 0; transition: background 0.5s, width 1.5s; width: 25%;\"></div>\\n\\","utility2-comment -->\\n\\","<h1>\\n\\","<!-- utility2-comment\\n\\","    <a\\n\\","        {{#if env.npm_package_homepage}}\\n\\","        href=\"{{env.npm_package_homepage}}\"\\n\\","        {{/if env.npm_package_homepage}}\\n\\","        target=\"_blank\"\\n\\","    >\\n\\","utility2-comment -->\\n\\","        {{env.npm_package_name}} (v{{env.npm_package_version}})\\n\\","<!-- utility2-comment\\n\\","    </a>\\n\\","utility2-comment -->\\n\\","</h1>\\n\\","<h3>{{env.npm_package_description}}</h3>\\n\\","<!-- utility2-comment\\n\\","<h4><a download href=\"assets.app.js\">download standalone app</a></h4>\\n\\","<button class=\"onclick onreset\" id=\"testRunButton1\">run internal test</button><br>\\n\\","<div id=\"testReportDiv1\" style=\"display: none;\"></div>\\n\\","utility2-comment -->\\n\\","\\n\\","\\n\\","\\n\\","<label>stderr and stdout</label>\\n\\","<textarea class=\"resettable\" id=\"outputTextareaStdout1\" readonly></textarea>\\n\\","<!-- utility2-comment\\n\\","{{#if isRollup}}\\n\\","<script src=\"assets.app.js\"></script>\\n\\","{{#unless isRollup}}\\n\\","utility2-comment -->\\n\\","<script src=\"assets.utility2.rollup.js\"></script>\\n\\","<script src=\"jsonp.utility2._stateInit?callback=window.utility2._stateInit\"></script>\\n\\","<script src=\"assets.npmtest_ts_loader.rollup.js\"></script>\\n\\","<script src=\"assets.example.js\"></script>\\n\\","<script src=\"assets.test.js\"></script>\\n\\","<!-- utility2-comment\\n\\","{{/if isRollup}}\\n\\","utility2-comment -->\\n\\","<div class=\"utility2FooterDiv\">\\n\\","    [ this app was created with\\n\\","    <a href=\"https://github.com/kaizhu256/node-utility2\" target=\"_blank\">utility2</a>\\n\\","    ]\\n\\","</div>\\n\\","</body>\\n\\","</html>\\n\\","';","        /* jslint-ignore-end */","        if (local.templateRender) {","            local.assetsDict['/'] = local.templateRender(","                local.assetsDict['/assets.index.template.html'],","                {","                    env: local.objectSetDefault(local.env, {","                        npm_package_description: 'the greatest app in the world!',","                        npm_package_name: 'my-app',","                        npm_package_nameAlias: 'my_app',","                        npm_package_version: '0.0.1'","                    })","                }","            );","        } else {","            local.assetsDict['/'] = local.assetsDict['/assets.index.template.html']","                .replace((/\\{\\{env\\.(\\w+?)\\}\\}/g), function (match0, match1) {","                    // jslint-hack","                    String(match0);","                    switch (match1) {","                    case 'npm_package_description':","                        return 'the greatest app in the world!';","                    case 'npm_package_name':","                        return 'my-app';","                    case 'npm_package_nameAlias':","                        return 'my_app';","                    case 'npm_package_version':","                        return '0.0.1';","                    }","                });","        }","        // run the cli","        if (local.global.utility2_rollup || module !== require.main) {","            break;","        }","        local.assetsDict['/assets.example.js'] =","            local.assetsDict['/assets.example.js'] ||","            local.fs.readFileSync(__filename, 'utf8');","        // bug-workaround - long $npm_package_buildCustomOrg","        /* jslint-ignore-begin */","        local.assetsDict['/assets.npmtest_ts_loader.rollup.js'] =","            local.assetsDict['/assets.npmtest_ts_loader.rollup.js'] ||","            local.fs.readFileSync(","                local.npmtest_ts_loader.__dirname + '/lib.npmtest_ts_loader.js',","                'utf8'","            ).replace((/^#!/), '//');","        /* jslint-ignore-end */","        local.assetsDict['/favicon.ico'] = local.assetsDict['/favicon.ico'] || '';","        // if $npm_config_timeout_exit exists,","        // then exit this process after $npm_config_timeout_exit ms","        if (Number(process.env.npm_config_timeout_exit)) {","            setTimeout(process.exit, Number(process.env.npm_config_timeout_exit));","        }","        // start server","        if (local.global.utility2_serverHttp1) {","            break;","        }","        process.env.PORT = process.env.PORT || '8081';","        console.error('server starting on port ' + process.env.PORT);","        local.http.createServer(function (request, response) {","            request.urlParsed = local.url.parse(request.url);","            if (local.assetsDict[request.urlParsed.pathname] !== undefined) {","                response.end(local.assetsDict[request.urlParsed.pathname]);","                return;","            }","            response.statusCode = 404;","            response.end();","        }).listen(process.env.PORT);","        break;","    }","}());",""],"l":{"26":2,"28":2,"33":2,"35":2,"37":2,"38":2,"39":2,"44":1,"51":2,"55":2,"59":2,"61":2,"69":1,"70":2,"76":2,"79":2,"82":2,"83":2,"85":1,"89":2,"92":1,"93":1,"94":1,"96":1,"97":1,"100":1,"101":1,"103":1,"106":1,"108":2,"114":1,"116":1,"118":1,"123":1,"124":2,"125":2,"126":3,"127":3,"128":3,"129":3,"130":1,"133":3,"134":3,"139":3,"143":1,"144":3,"145":1,"149":1,"150":1,"158":1,"160":1,"161":1,"162":1,"164":1,"166":1,"258":1,"259":1,"271":1,"274":6,"275":6,"277":1,"279":2,"281":1,"283":2,"288":1,"289":1,"291":1,"296":1,"303":1,"306":1,"307":1,"310":1,"311":1,"313":1,"314":1,"315":1,"316":1,"317":1,"318":1,"319":1,"321":1,"322":1,"324":1}},"/home/travis/build/npmtest/node-npmtest-ts-loader/node_modules/ts-loader/index.js":{"path":"/home/travis/build/npmtest/node-npmtest-ts-loader/node_modules/ts-loader/index.js","s":{"1":1,"2":1},"b":{},"f":{},"fnMap":{},"statementMap":{"1":{"start":{"line":1,"column":0},"end":{"line":1,"column":31}},"2":{"start":{"line":3,"column":0},"end":{"line":3,"column":24}}},"branchMap":{},"code":["var loader = require('./dist');","","module.exports = loader;"],"l":{"1":1,"3":1}},"/home/travis/build/npmtest/node-npmtest-ts-loader/node_modules/ts-loader/dist/index.js":{"path":"/home/travis/build/npmtest/node-npmtest-ts-loader/node_modules/ts-loader/dist/index.js","s":{"1":1,"2":1,"3":1,"4":1,"5":1,"6":1,"7":1,"8":1,"9":1,"10":0,"11":0,"12":0,"13":0,"14":0,"15":0,"16":0,"17":0,"18":0,"19":0,"20":0,"21":0,"22":0,"23":0,"24":0,"25":0,"26":0,"27":1,"28":0,"29":0,"30":0,"31":0,"32":0,"33":0,"34":0,"35":0,"36":0,"37":0,"38":0,"39":0,"40":0,"41":0,"42":1,"43":0,"44":0,"45":0,"46":0,"47":0,"48":0,"49":0,"50":0,"51":0,"52":0,"53":0,"54":1,"55":0,"56":0,"57":0,"58":0,"59":0,"60":0,"61":0,"62":0,"63":0,"64":0,"65":0,"66":0,"67":0,"68":0,"69":0,"70":0,"71":0,"72":0,"73":0,"74":0,"75":1,"76":0,"77":0,"78":0,"79":0,"80":1,"81":0,"82":0,"83":0,"84":1},"b":{"1":[0,0],"2":[0,0],"3":[0,0],"4":[0,0],"5":[0,0],"6":[0,0],"7":[0,0],"8":[0,0],"9":[0,0],"10":[0,0,0],"11":[0,0],"12":[0,0],"13":[0,0],"14":[0,0],"15":[0,0],"16":[0,0],"17":[0,0],"18":[0,0],"19":[0,0],"20":[0,0]},"f":{"1":0,"2":0,"3":0,"4":0,"5":0,"6":0,"7":0,"8":0,"9":0,"10":0,"11":0},"fnMap":{"1":{"name":"loader","line":13,"loc":{"start":{"line":13,"column":0},"end":{"line":13,"column":26}}},"2":{"name":"getLoaderOptions","line":45,"loc":{"start":{"line":45,"column":0},"end":{"line":45,"column":34}}},"3":{"name":"updateFileInCache","line":79,"loc":{"start":{"line":79,"column":0},"end":{"line":79,"column":57}}},"4":{"name":"getEmit","line":97,"loc":{"start":{"line":97,"column":0},"end":{"line":97,"column":58}}},"5":{"name":"(anonymous_5)","line":102,"loc":{"start":{"line":102,"column":64},"end":{"line":102,"column":87}}},"6":{"name":"(anonymous_6)","line":116,"loc":{"start":{"line":116,"column":50},"end":{"line":116,"column":68}}},"7":{"name":"(anonymous_7)","line":122,"loc":{"start":{"line":122,"column":13},"end":{"line":122,"column":36}}},"8":{"name":"(anonymous_8)","line":123,"loc":{"start":{"line":123,"column":47},"end":{"line":123,"column":69}}},"9":{"name":"(anonymous_9)","line":125,"loc":{"start":{"line":125,"column":50},"end":{"line":125,"column":72}}},"10":{"name":"getTranspilationEmit","line":132,"loc":{"start":{"line":132,"column":0},"end":{"line":132,"column":68}}},"11":{"name":"makeSourceMap","line":142,"loc":{"start":{"line":142,"column":0},"end":{"line":142,"column":78}}}},"statementMap":{"1":{"start":{"line":2,"column":0},"end":{"line":2,"column":27}},"2":{"start":{"line":3,"column":0},"end":{"line":3,"column":42}},"3":{"start":{"line":4,"column":0},"end":{"line":4,"column":18}},"4":{"start":{"line":5,"column":0},"end":{"line":5,"column":39}},"5":{"start":{"line":6,"column":0},"end":{"line":6,"column":31}},"6":{"start":{"line":7,"column":0},"end":{"line":7,"column":39}},"7":{"start":{"line":8,"column":0},"end":{"line":8,"column":26}},"8":{"start":{"line":9,"column":0},"end":{"line":9,"column":28}},"9":{"start":{"line":13,"column":0},"end":{"line":40,"column":1}},"10":{"start":{"line":14,"column":4},"end":{"line":14,"column":39}},"11":{"start":{"line":15,"column":4},"end":{"line":15,"column":32}},"12":{"start":{"line":16,"column":4},"end":{"line":16,"column":41}},"13":{"start":{"line":17,"column":4},"end":{"line":17,"column":102}},"14":{"start":{"line":18,"column":4},"end":{"line":21,"column":5}},"15":{"start":{"line":19,"column":8},"end":{"line":19,"column":24}},"16":{"start":{"line":20,"column":8},"end":{"line":20,"column":15}},"17":{"start":{"line":22,"column":4},"end":{"line":22,"column":56}},"18":{"start":{"line":23,"column":4},"end":{"line":23,"column":86}},"19":{"start":{"line":24,"column":4},"end":{"line":24,"column":70}},"20":{"start":{"line":25,"column":4},"end":{"line":27,"column":119}},"21":{"start":{"line":28,"column":4},"end":{"line":33,"column":5}},"22":{"start":{"line":29,"column":8},"end":{"line":31,"column":17}},"23":{"start":{"line":32,"column":8},"end":{"line":32,"column":99}},"24":{"start":{"line":34,"column":4},"end":{"line":34,"column":126}},"25":{"start":{"line":38,"column":4},"end":{"line":38,"column":56}},"26":{"start":{"line":39,"column":4},"end":{"line":39,"column":38}},"27":{"start":{"line":45,"column":0},"end":{"line":74,"column":1}},"28":{"start":{"line":47,"column":4},"end":{"line":47,"column":66}},"29":{"start":{"line":48,"column":4},"end":{"line":50,"column":5}},"30":{"start":{"line":49,"column":8},"end":{"line":49,"column":67}},"31":{"start":{"line":51,"column":4},"end":{"line":51,"column":60}},"32":{"start":{"line":52,"column":4},"end":{"line":52,"column":52}},"33":{"start":{"line":53,"column":4},"end":{"line":53,"column":111}},"34":{"start":{"line":54,"column":4},"end":{"line":56,"column":5}},"35":{"start":{"line":55,"column":8},"end":{"line":55,"column":48}},"36":{"start":{"line":57,"column":4},"end":{"line":68,"column":40}},"37":{"start":{"line":69,"column":4},"end":{"line":69,"column":84}},"38":{"start":{"line":70,"column":4},"end":{"line":70,"column":54}},"39":{"start":{"line":71,"column":4},"end":{"line":71,"column":36}},"40":{"start":{"line":72,"column":4},"end":{"line":72,"column":47}},"41":{"start":{"line":73,"column":4},"end":{"line":73,"column":19}},"42":{"start":{"line":79,"column":0},"end":{"line":96,"column":1}},"43":{"start":{"line":81,"column":4},"end":{"line":81,"column":40}},"44":{"start":{"line":82,"column":4},"end":{"line":84,"column":5}},"45":{"start":{"line":83,"column":8},"end":{"line":83,"column":57}},"46":{"start":{"line":85,"column":4},"end":{"line":89,"column":5}},"47":{"start":{"line":86,"column":8},"end":{"line":86,"column":23}},"48":{"start":{"line":87,"column":8},"end":{"line":87,"column":29}},"49":{"start":{"line":88,"column":8},"end":{"line":88,"column":27}},"50":{"start":{"line":91,"column":4},"end":{"line":93,"column":5}},"51":{"start":{"line":92,"column":8},"end":{"line":92,"column":36}},"52":{"start":{"line":94,"column":4},"end":{"line":94,"column":44}},"53":{"start":{"line":95,"column":4},"end":{"line":95,"column":24}},"54":{"start":{"line":97,"column":0},"end":{"line":128,"column":1}},"55":{"start":{"line":99,"column":4},"end":{"line":99,"column":66}},"56":{"start":{"line":100,"column":4},"end":{"line":100,"column":31}},"57":{"start":{"line":101,"column":4},"end":{"line":101,"column":38}},"58":{"start":{"line":102,"column":4},"end":{"line":102,"column":144}},"59":{"start":{"line":102,"column":89},"end":{"line":102,"column":140}},"60":{"start":{"line":104,"column":4},"end":{"line":104,"column":58}},"61":{"start":{"line":105,"column":4},"end":{"line":105,"column":46}},"62":{"start":{"line":115,"column":4},"end":{"line":116,"column":105}},"63":{"start":{"line":116,"column":70},"end":{"line":116,"column":101}},"64":{"start":{"line":117,"column":4},"end":{"line":119,"column":5}},"65":{"start":{"line":118,"column":8},"end":{"line":118,"column":54}},"66":{"start":{"line":120,"column":4},"end":{"line":122,"column":127}},"67":{"start":{"line":122,"column":38},"end":{"line":122,"column":123}},"68":{"start":{"line":123,"column":4},"end":{"line":123,"column":129}},"69":{"start":{"line":123,"column":71},"end":{"line":123,"column":119}},"70":{"start":{"line":124,"column":4},"end":{"line":124,"column":64}},"71":{"start":{"line":125,"column":4},"end":{"line":125,"column":135}},"72":{"start":{"line":125,"column":74},"end":{"line":125,"column":125}},"73":{"start":{"line":126,"column":4},"end":{"line":126,"column":73}},"74":{"start":{"line":127,"column":4},"end":{"line":127,"column":68}},"75":{"start":{"line":132,"column":0},"end":{"line":141,"column":1}},"76":{"start":{"line":133,"column":4},"end":{"line":133,"column":43}},"77":{"start":{"line":134,"column":4},"end":{"line":138,"column":99}},"78":{"start":{"line":139,"column":4},"end":{"line":139,"column":159}},"79":{"start":{"line":140,"column":4},"end":{"line":140,"column":68}},"80":{"start":{"line":142,"column":0},"end":{"line":154,"column":1}},"81":{"start":{"line":143,"column":4},"end":{"line":145,"column":5}},"82":{"start":{"line":144,"column":8},"end":{"line":144,"column":60}},"83":{"start":{"line":146,"column":4},"end":{"line":153,"column":6}},"84":{"start":{"line":155,"column":0},"end":{"line":155,"column":24}}},"branchMap":{"1":{"line":14,"type":"binary-expr","locations":[{"start":{"line":14,"column":4},"end":{"line":14,"column":18}},{"start":{"line":14,"column":22},"end":{"line":14,"column":38}}]},"2":{"line":18,"type":"if","locations":[{"start":{"line":18,"column":4},"end":{"line":18,"column":4}},{"start":{"line":18,"column":4},"end":{"line":18,"column":4}}]},"3":{"line":25,"type":"cond-expr","locations":[{"start":{"line":26,"column":10},"end":{"line":26,"column":66}},{"start":{"line":27,"column":10},"end":{"line":27,"column":56}}]},"4":{"line":28,"type":"if","locations":[{"start":{"line":28,"column":4},"end":{"line":28,"column":4}},{"start":{"line":28,"column":4},"end":{"line":28,"column":4}}]},"5":{"line":28,"type":"binary-expr","locations":[{"start":{"line":28,"column":8},"end":{"line":28,"column":27}},{"start":{"line":28,"column":31},"end":{"line":28,"column":55}}]},"6":{"line":29,"type":"cond-expr","locations":[{"start":{"line":30,"column":14},"end":{"line":30,"column":217}},{"start":{"line":31,"column":14},"end":{"line":31,"column":16}}]},"7":{"line":48,"type":"if","locations":[{"start":{"line":48,"column":4},"end":{"line":48,"column":4}},{"start":{"line":48,"column":4},"end":{"line":48,"column":4}}]},"8":{"line":51,"type":"binary-expr","locations":[{"start":{"line":51,"column":23},"end":{"line":51,"column":53}},{"start":{"line":51,"column":57},"end":{"line":51,"column":59}}]},"9":{"line":52,"type":"binary-expr","locations":[{"start":{"line":52,"column":28},"end":{"line":52,"column":45}},{"start":{"line":52,"column":49},"end":{"line":52,"column":51}}]},"10":{"line":53,"type":"binary-expr","locations":[{"start":{"line":53,"column":45},"end":{"line":53,"column":66}},{"start":{"line":53,"column":70},"end":{"line":53,"column":96}},{"start":{"line":53,"column":100},"end":{"line":53,"column":109}}]},"11":{"line":54,"type":"if","locations":[{"start":{"line":54,"column":4},"end":{"line":54,"column":4}},{"start":{"line":54,"column":4},"end":{"line":54,"column":4}}]},"12":{"line":82,"type":"if","locations":[{"start":{"line":82,"column":4},"end":{"line":82,"column":4}},{"start":{"line":82,"column":4},"end":{"line":82,"column":4}}]},"13":{"line":85,"type":"if","locations":[{"start":{"line":85,"column":4},"end":{"line":85,"column":4}},{"start":{"line":85,"column":4},"end":{"line":85,"column":4}}]},"14":{"line":91,"type":"if","locations":[{"start":{"line":91,"column":4},"end":{"line":91,"column":4}},{"start":{"line":91,"column":4},"end":{"line":91,"column":4}}]},"15":{"line":115,"type":"binary-expr","locations":[{"start":{"line":115,"column":33},"end":{"line":115,"column":67}},{"start":{"line":116,"column":11},"end":{"line":116,"column":104}}]},"16":{"line":117,"type":"if","locations":[{"start":{"line":117,"column":4},"end":{"line":117,"column":4}},{"start":{"line":117,"column":4},"end":{"line":117,"column":4}}]},"17":{"line":122,"type":"binary-expr","locations":[{"start":{"line":122,"column":66},"end":{"line":122,"column":93}},{"start":{"line":122,"column":97},"end":{"line":122,"column":113}}]},"18":{"line":124,"type":"cond-expr","locations":[{"start":{"line":124,"column":36},"end":{"line":124,"column":51}},{"start":{"line":124,"column":54},"end":{"line":124,"column":63}}]},"19":{"line":126,"type":"cond-expr","locations":[{"start":{"line":126,"column":42},"end":{"line":126,"column":60}},{"start":{"line":126,"column":63},"end":{"line":126,"column":72}}]},"20":{"line":143,"type":"if","locations":[{"start":{"line":143,"column":4},"end":{"line":143,"column":4}},{"start":{"line":143,"column":4},"end":{"line":143,"column":4}}]}},"code":["\"use strict\";","var path = require(\"path\");","var loaderUtils = require(\"loader-utils\");","require('colors');","var instances = require(\"./instances\");","var utils = require(\"./utils\");","var constants = require(\"./constants\");","var webpackInstances = [];","var loaderOptionsCache = {};","/**"," * The entry point for ts-loader"," */","function loader(contents) {","    this.cacheable && this.cacheable();","    var callback = this.async();","    var options = getLoaderOptions(this);","    var _a = instances.getTypeScriptInstance(options, this), instance = _a.instance, error = _a.error;","    if (error) {","        callback(error);","        return;","    }","    var rawFilePath = path.normalize(this.resourcePath);","    var filePath = utils.appendTsSuffixIfMatch(options.appendTsSuffixTo, rawFilePath);","    var fileVersion = updateFileInCache(filePath, contents, instance);","    var _b = options.transpileOnly","        ? getTranspilationEmit(filePath, contents, instance, this)","        : getEmit(rawFilePath, filePath, instance, this), outputText = _b.outputText, sourceMapText = _b.sourceMapText;","    if (outputText === null || outputText === undefined) {","        var additionalGuidance = filePath.indexOf('node_modules') !== -1","            ? \"\\nYou should not need to recompile .ts files in node_modules.\\nPlease contact the package author to advise them to use --declaration --outDir.\\nMore https://github.com/Microsoft/TypeScript/issues/12358\"","            : \"\";","        throw new Error(\"Typescript emitted no output for \" + filePath + \".\" + additionalGuidance);","    }","    var _c = makeSourceMap(sourceMapText, outputText, filePath, contents, this), sourceMap = _c.sourceMap, output = _c.output;","    // Make sure webpack is aware that even though the emitted JavaScript may be the same as","    // a previously cached version the TypeScript may be different and therefore should be","    // treated as new","    this._module.meta.tsLoaderFileVersion = fileVersion;","    callback(null, output, sourceMap);","}","/**"," * either retrieves loader options from the cache"," * or creates them, adds them to the cache and returns"," */","function getLoaderOptions(loader) {","    // differentiate the TypeScript instance based on the webpack instance","    var webpackIndex = webpackInstances.indexOf(loader._compiler);","    if (webpackIndex === -1) {","        webpackIndex = webpackInstances.push(loader._compiler) - 1;","    }","    var queryOptions = loaderUtils.getOptions(loader) || {};","    var configFileOptions = loader.options.ts || {};","    var instanceName = webpackIndex + '_' + (queryOptions.instance || configFileOptions.instance || 'default');","    if (utils.hasOwnProperty(loaderOptionsCache, instanceName)) {","        return loaderOptionsCache[instanceName];","    }","    var options = Object.assign({}, {","        silent: false,","        logLevel: 'INFO',","        logInfoToStdOut: false,","        compiler: 'typescript',","        configFileName: 'tsconfig.json',","        transpileOnly: false,","        visualStudioErrorFormat: false,","        compilerOptions: {},","        appendTsSuffixTo: [],","        entryFileIsJs: false,","    }, configFileOptions, queryOptions);","    options.ignoreDiagnostics = utils.arrify(options.ignoreDiagnostics).map(Number);","    options.logLevel = options.logLevel.toUpperCase();","    options.instance = instanceName;","    loaderOptionsCache[instanceName] = options;","    return options;","}","/**"," * Either add file to the overall files cache or update it in the cache when the file contents have changed"," * Also add the file to the modified files"," */","function updateFileInCache(filePath, contents, instance) {","    // Update file contents","    var file = instance.files[filePath];","    if (!file) {","        file = instance.files[filePath] = { version: 0 };","    }","    if (file.text !== contents) {","        file.version++;","        file.text = contents;","        instance.version++;","    }","    // push this file to modified files hash.","    if (!instance.modifiedFiles) {","        instance.modifiedFiles = {};","    }","    instance.modifiedFiles[filePath] = file;","    return file.version;","}","function getEmit(rawFilePath, filePath, instance, loader) {","    // Emit Javascript","    var output = instance.languageService.getEmitOutput(filePath);","    loader.clearDependencies();","    loader.addDependency(rawFilePath);","    var allDefinitionFiles = Object.keys(instance.files).filter(function (defFilePath) { return !!defFilePath.match(constants.dtsDtsxRegex); });","    // Make this file dependent on *all* definition files in the program","    var addDependency = loader.addDependency.bind(loader);","    allDefinitionFiles.forEach(addDependency);","    /* - alternative approach to the below which is more correct but has a heavy performance cost","         see https://github.com/TypeStrong/ts-loader/issues/393","         with this approach constEnumReExportWatch test will pass; without it, not.","","    // Additionally make this file dependent on all imported files as well","    // as any deeper recursive dependencies","    const additionalDependencies = utils.collectAllDependencies(instance.dependencyGraph, filePath);","    */","    // Additionally make this file dependent on all imported files","    var additionalDependencies = instance.dependencyGraph[filePath]","        && instance.dependencyGraph[filePath].map(function (module) { return module.originalFileName; });","    if (additionalDependencies) {","        additionalDependencies.forEach(addDependency);","    }","    loader._module.meta.tsLoaderDefinitionFileVersions = allDefinitionFiles","        .concat(additionalDependencies)","        .map(function (defFilePath) { return defFilePath + '@' + (instance.files[defFilePath] || { version: '?' }).version; });","    var outputFile = output.outputFiles.filter(function (outputFile) { return !!outputFile.name.match(constants.jsJsx); }).pop();","    var outputText = (outputFile) ? outputFile.text : undefined;","    var sourceMapFile = output.outputFiles.filter(function (outputFile) { return !!outputFile.name.match(constants.jsJsxMap); }).pop();","    var sourceMapText = (sourceMapFile) ? sourceMapFile.text : undefined;","    return { outputText: outputText, sourceMapText: sourceMapText };","}","/**"," * Transpile file"," */","function getTranspilationEmit(filePath, contents, instance, loader) {","    var fileName = path.basename(filePath);","    var _a = instance.compiler.transpileModule(contents, {","        compilerOptions: instance.compilerOptions,","        reportDiagnostics: true,","        fileName: fileName,","    }), outputText = _a.outputText, sourceMapText = _a.sourceMapText, diagnostics = _a.diagnostics;","    utils.registerWebpackErrors(loader._module.errors, utils.formatErrors(diagnostics, instance.loaderOptions, instance.compiler, { module: loader._module }));","    return { outputText: outputText, sourceMapText: sourceMapText };","}","function makeSourceMap(sourceMapText, outputText, filePath, contents, loader) {","    if (!sourceMapText) {","        return { output: outputText, sourceMap: undefined };","    }","    return {","        output: outputText.replace(/^\\/\\/# sourceMappingURL=[^\\r\\n]*/gm, ''),","        sourceMap: Object.assign(JSON.parse(sourceMapText), {","            sources: [loaderUtils.getRemainingRequest(loader)],","            file: filePath,","            sourcesContent: [contents]","        })","    };","}","module.exports = loader;",""],"l":{"2":1,"3":1,"4":1,"5":1,"6":1,"7":1,"8":1,"9":1,"13":1,"14":0,"15":0,"16":0,"17":0,"18":0,"19":0,"20":0,"22":0,"23":0,"24":0,"25":0,"28":0,"29":0,"32":0,"34":0,"38":0,"39":0,"45":1,"47":0,"48":0,"49":0,"51":0,"52":0,"53":0,"54":0,"55":0,"57":0,"69":0,"70":0,"71":0,"72":0,"73":0,"79":1,"81":0,"82":0,"83":0,"85":0,"86":0,"87":0,"88":0,"91":0,"92":0,"94":0,"95":0,"97":1,"99":0,"100":0,"101":0,"102":0,"104":0,"105":0,"115":0,"116":0,"117":0,"118":0,"120":0,"122":0,"123":0,"124":0,"125":0,"126":0,"127":0,"132":1,"133":0,"134":0,"139":0,"140":0,"142":1,"143":0,"144":0,"146":0,"155":1}},"/home/travis/build/npmtest/node-npmtest-ts-loader/node_modules/ts-loader/dist/instances.js":{"path":"/home/travis/build/npmtest/node-npmtest-ts-loader/node_modules/ts-loader/dist/instances.js","s":{"1":1,"2":1,"3":1,"4":1,"5":1,"6":1,"7":1,"8":1,"9":1,"10":1,"11":1,"12":1,"13":1,"14":0,"15":0,"16":0,"17":0,"18":0,"19":0,"20":0,"21":0,"22":0,"23":0,"24":0,"25":0,"26":0,"27":0,"28":0,"29":0,"30":0,"31":0,"32":0,"33":0,"34":0,"35":0,"36":0,"37":0,"38":0,"39":0,"40":0,"41":0,"42":0,"43":0,"44":0,"45":0,"46":0,"47":0,"48":1},"b":{"1":[0,0],"2":[0,0],"3":[0,0],"4":[0,0],"5":[0,0],"6":[0,0],"7":[0,0],"8":[0,0]},"f":{"1":0,"2":0},"fnMap":{"1":{"name":"getTypeScriptInstance","line":21,"loc":{"start":{"line":21,"column":0},"end":{"line":21,"column":54}}},"2":{"name":"(anonymous_2)","line":53,"loc":{"start":{"line":53,"column":28},"end":{"line":53,"column":48}}}},"statementMap":{"1":{"start":{"line":2,"column":0},"end":{"line":2,"column":62}},"2":{"start":{"line":3,"column":0},"end":{"line":3,"column":27}},"3":{"start":{"line":4,"column":0},"end":{"line":4,"column":23}},"4":{"start":{"line":5,"column":0},"end":{"line":5,"column":18}},"5":{"start":{"line":6,"column":0},"end":{"line":6,"column":46}},"6":{"start":{"line":7,"column":0},"end":{"line":7,"column":33}},"7":{"start":{"line":8,"column":0},"end":{"line":8,"column":47}},"8":{"start":{"line":9,"column":0},"end":{"line":9,"column":31}},"9":{"start":{"line":10,"column":0},"end":{"line":10,"column":33}},"10":{"start":{"line":11,"column":0},"end":{"line":11,"column":49}},"11":{"start":{"line":12,"column":0},"end":{"line":12,"column":38}},"12":{"start":{"line":13,"column":0},"end":{"line":13,"column":19}},"13":{"start":{"line":21,"column":0},"end":{"line":86,"column":1}},"14":{"start":{"line":22,"column":4},"end":{"line":24,"column":5}},"15":{"start":{"line":23,"column":8},"end":{"line":23,"column":63}},"16":{"start":{"line":25,"column":4},"end":{"line":25,"column":47}},"17":{"start":{"line":26,"column":4},"end":{"line":26,"column":217}},"18":{"start":{"line":27,"column":4},"end":{"line":29,"column":5}},"19":{"start":{"line":28,"column":8},"end":{"line":28,"column":72}},"20":{"start":{"line":30,"column":4},"end":{"line":30,"column":221}},"21":{"start":{"line":31,"column":4},"end":{"line":33,"column":5}},"22":{"start":{"line":32,"column":8},"end":{"line":32,"column":42}},"23":{"start":{"line":34,"column":4},"end":{"line":34,"column":94}},"24":{"start":{"line":35,"column":4},"end":{"line":38,"column":5}},"25":{"start":{"line":36,"column":8},"end":{"line":36,"column":156}},"26":{"start":{"line":37,"column":8},"end":{"line":37,"column":117}},"27":{"start":{"line":39,"column":4},"end":{"line":39,"column":108}},"28":{"start":{"line":40,"column":4},"end":{"line":40,"column":19}},"29":{"start":{"line":41,"column":4},"end":{"line":48,"column":5}},"30":{"start":{"line":44,"column":8},"end":{"line":44,"column":66}},"31":{"start":{"line":45,"column":8},"end":{"line":45,"column":58}},"32":{"start":{"line":46,"column":8},"end":{"line":46,"column":162}},"33":{"start":{"line":47,"column":8},"end":{"line":47,"column":215}},"34":{"start":{"line":50,"column":4},"end":{"line":50,"column":27}},"35":{"start":{"line":51,"column":4},"end":{"line":65,"column":5}},"36":{"start":{"line":52,"column":8},"end":{"line":52,"column":54}},"37":{"start":{"line":53,"column":8},"end":{"line":59,"column":11}},"38":{"start":{"line":54,"column":12},"end":{"line":54,"column":58}},"39":{"start":{"line":55,"column":12},"end":{"line":58,"column":14}},"40":{"start":{"line":62,"column":8},"end":{"line":64,"column":17}},"41":{"start":{"line":67,"column":4},"end":{"line":69,"column":21}},"42":{"start":{"line":70,"column":4},"end":{"line":80,"column":6}},"43":{"start":{"line":81,"column":4},"end":{"line":81,"column":108}},"44":{"start":{"line":82,"column":4},"end":{"line":82,"column":111}},"45":{"start":{"line":83,"column":4},"end":{"line":83,"column":85}},"46":{"start":{"line":84,"column":4},"end":{"line":84,"column":61}},"47":{"start":{"line":85,"column":4},"end":{"line":85,"column":34}},"48":{"start":{"line":87,"column":0},"end":{"line":87,"column":54}}},"branchMap":{"1":{"line":22,"type":"if","locations":[{"start":{"line":22,"column":4},"end":{"line":22,"column":4}},{"start":{"line":22,"column":4},"end":{"line":22,"column":4}}]},"2":{"line":27,"type":"if","locations":[{"start":{"line":27,"column":4},"end":{"line":27,"column":4}},{"start":{"line":27,"column":4},"end":{"line":27,"column":4}}]},"3":{"line":31,"type":"if","locations":[{"start":{"line":31,"column":4},"end":{"line":31,"column":4}},{"start":{"line":31,"column":4},"end":{"line":31,"column":4}}]},"4":{"line":35,"type":"if","locations":[{"start":{"line":35,"column":4},"end":{"line":35,"column":4}},{"start":{"line":35,"column":4},"end":{"line":35,"column":4}}]},"5":{"line":41,"type":"if","locations":[{"start":{"line":41,"column":4},"end":{"line":41,"column":4}},{"start":{"line":41,"column":4},"end":{"line":41,"column":4}}]},"6":{"line":46,"type":"binary-expr","locations":[{"start":{"line":46,"column":124},"end":{"line":46,"column":138}},{"start":{"line":46,"column":142},"end":{"line":46,"column":157}}]},"7":{"line":67,"type":"cond-expr","locations":[{"start":{"line":68,"column":10},"end":{"line":68,"column":28}},{"start":{"line":69,"column":10},"end":{"line":69,"column":20}}]},"8":{"line":67,"type":"binary-expr","locations":[{"start":{"line":67,"column":22},"end":{"line":67,"column":55}},{"start":{"line":67,"column":59},"end":{"line":67,"column":86}}]}},"code":["\"use strict\";","Object.defineProperty(exports, \"__esModule\", { value: true });","var path = require(\"path\");","var fs = require(\"fs\");","require('colors');","var afterCompile = require(\"./after-compile\");","var config = require(\"./config\");","var compilerSetup = require(\"./compilerSetup\");","var utils = require(\"./utils\");","var logger = require(\"./logger\");","var makeServicesHost = require(\"./servicesHost\");","var watchRun = require(\"./watch-run\");","var instances = {};","/**"," * The loader is executed once for each file seen by webpack. However, we need to keep"," * a persistent instance of TypeScript that contains all of the files in the program"," * along with definition files and options. This function either creates an instance"," * or returns the existing one. Multiple instances are possible by using the"," * `instance` property."," */","function getTypeScriptInstance(loaderOptions, loader) {","    if (utils.hasOwnProperty(instances, loaderOptions.instance)) {","        return { instance: instances[loaderOptions.instance] };","    }","    var log = logger.makeLogger(loaderOptions);","    var _a = compilerSetup.getCompiler(loaderOptions, log), compiler = _a.compiler, compilerCompatible = _a.compilerCompatible, compilerDetailsLogMessage = _a.compilerDetailsLogMessage, errorMessage = _a.errorMessage;","    if (errorMessage) {","        return { error: utils.makeError({ rawMessage: errorMessage }) };","    }","    var _b = config.getConfigFile(compiler, loader, loaderOptions, compilerCompatible, log, compilerDetailsLogMessage), configFilePath = _b.configFilePath, configFile = _b.configFile, configFileError = _b.configFileError;","    if (configFileError) {","        return { error: configFileError };","    }","    var configParseResult = config.getConfigParseResult(compiler, configFile, configFilePath);","    if (configParseResult.errors.length) {","        utils.registerWebpackErrors(loader._module.errors, utils.formatErrors(configParseResult.errors, loaderOptions, compiler, { file: configFilePath }));","        return { error: utils.makeError({ rawMessage: 'error while parsing tsconfig.json', file: configFilePath }) };","    }","    var compilerOptions = compilerSetup.getCompilerOptions(compilerCompatible, compiler, configParseResult);","    var files = {};","    if (loaderOptions.transpileOnly) {","        // quick return for transpiling","        // we do need to check for any issues with TS options though","        var program = compiler.createProgram([], compilerOptions);","        var diagnostics = program.getOptionsDiagnostics();","        utils.registerWebpackErrors(loader._module.errors, utils.formatErrors(diagnostics, loaderOptions, compiler, { file: configFilePath || 'tsconfig.json' }));","        return { instance: instances[loaderOptions.instance] = { compiler: compiler, compilerOptions: compilerOptions, loaderOptions: loaderOptions, files: files, dependencyGraph: {}, reverseDependencyGraph: {} } };","    }","    // Load initial files (core lib files, any files specified in tsconfig.json)","    var normalizedFilePath;","    try {","        var filesToLoad = configParseResult.fileNames;","        filesToLoad.forEach(function (filePath) {","            normalizedFilePath = path.normalize(filePath);","            files[normalizedFilePath] = {","                text: fs.readFileSync(normalizedFilePath, 'utf-8'),","                version: 0","            };","        });","    }","    catch (exc) {","        return { error: utils.makeError({","                rawMessage: \"A file specified in tsconfig.json could not be found: \" + normalizedFilePath","            }) };","    }","    // if allowJs is set then we should accept js(x) files","    var scriptRegex = configParseResult.options.allowJs && loaderOptions.entryFileIsJs","        ? /\\.tsx?$|\\.jsx?$/i","        : /\\.tsx?$/i;","    var instance = instances[loaderOptions.instance] = {","        compiler: compiler,","        compilerOptions: compilerOptions,","        loaderOptions: loaderOptions,","        files: files,","        languageService: null,","        version
[...]
,"line":51,"loc":{"start":{"line":51,"column":32},"end":{"line":51,"column":44}}},"11":{"name":"(anonymous_11)","line":52,"loc":{"start":{"line":52,"column":31},"end":{"line":52,"column":50}}},"12":{"name":"(anonymous_12)","line":53,"loc":{"start":{"line":53,"column":20},"end":{"line":53,"column":32}}},"13":{"name":"(anonymous_13)","line":55,"loc":{"start":{"line":55,"column":28},"end":{"line":55,"column":67}}},"14":{"name":"resolveModuleNames","line":60,"loc":{"start":{"line":60,"column":0},"end":{"line":60,"column":133}}},"15":{"name":"(anonymous_15)","line":61,"loc":{"start":{"line":61,"column":42},"end":{"line":61,"column":64}}},"16":{"name":"resolveModuleName","line":67,"loc":{"start":{"line":67,"column":0},"end":{"line":67,"column":131}}},"17":{"name":"populateDependencyGraphs","line":97,"loc":{"start":{"line":97,"column":0},"end":{"line":97,"column":77}}},"18":{"name":"(anonymous_18)","line":99,"loc":{"start":{"line":99,"column":16},"end":{"line":99,"column":29}}},"19":{"name":"(anonymous_19)","line":101,"loc":{"start":{"line":101,"column":28},"end":{"line":101,"column":54}}}},"statementMap":{"1":{"start":{"line":2,"column":0},"end":{"line":2,"column":39}},"2":{"start":{"line":3,"column":0},"end":{"line":3,"column":27}},"3":{"start":{"line":4,"column":0},"end":{"line":4,"column":41}},"4":{"start":{"line":5,"column":0},"end":{"line":5,"column":31}},"5":{"start":{"line":9,"column":0},"end":{"line":59,"column":1}},"6":{"start":{"line":10,"column":4},"end":{"line":10,"column":105}},"7":{"start":{"line":11,"column":4},"end":{"line":13,"column":26}},"8":{"start":{"line":15,"column":4},"end":{"line":15,"column":51}},"9":{"start":{"line":16,"column":4},"end":{"line":19,"column":6}},"10":{"start":{"line":17,"column":42},"end":{"line":17,"column":88}},"11":{"start":{"line":18,"column":40},"end":{"line":18,"column":72}},"12":{"start":{"line":20,"column":4},"end":{"line":58,"column":6}},"13":{"start":{"line":21,"column":41},"end":{"line":21,"column":70}},"14":{"start":{"line":22,"column":42},"end":{"line":22,"column":138}},"15":{"start":{"line":22,"column":97},"end":{"line":22,"column":134}},"16":{"start":{"line":24,"column":12},"end":{"line":24,"column":48}},"17":{"start":{"line":25,"column":12},"end":{"line":25,"column":73}},"18":{"start":{"line":30,"column":12},"end":{"line":30,"column":48}},"19":{"start":{"line":31,"column":12},"end":{"line":31,"column":39}},"20":{"start":{"line":32,"column":12},"end":{"line":38,"column":13}},"21":{"start":{"line":33,"column":16},"end":{"line":33,"column":52}},"22":{"start":{"line":34,"column":16},"end":{"line":36,"column":17}},"23":{"start":{"line":35,"column":20},"end":{"line":35,"column":37}},"24":{"start":{"line":37,"column":16},"end":{"line":37,"column":68}},"25":{"start":{"line":39,"column":12},"end":{"line":39,"column":65}},"26":{"start":{"line":50,"column":43},"end":{"line":50,"column":64}},"27":{"start":{"line":51,"column":46},"end":{"line":51,"column":69}},"28":{"start":{"line":52,"column":52},"end":{"line":52,"column":99}},"29":{"start":{"line":53,"column":34},"end":{"line":53,"column":49}},"30":{"start":{"line":56,"column":12},"end":{"line":56,"column":143}},"31":{"start":{"line":60,"column":0},"end":{"line":66,"column":1}},"32":{"start":{"line":61,"column":4},"end":{"line":63,"column":7}},"33":{"start":{"line":62,"column":8},"end":{"line":62,"column":137}},"34":{"start":{"line":64,"column":4},"end":{"line":64,"column":72}},"35":{"start":{"line":65,"column":4},"end":{"line":65,"column":27}},"36":{"start":{"line":67,"column":0},"end":{"line":96,"column":1}},"37":{"start":{"line":68,"column":4},"end":{"line":68,"column":81}},"38":{"start":{"line":69,"column":4},"end":{"line":69,"column":25}},"39":{"start":{"line":70,"column":4},"end":{"line":77,"column":17}},"40":{"start":{"line":71,"column":8},"end":{"line":71,"column":112}},"41":{"start":{"line":72,"column":8},"end":{"line":72,"column":95}},"42":{"start":{"line":73,"column":8},"end":{"line":75,"column":9}},"43":{"start":{"line":74,"column":12},"end":{"line":74,"column":106}},"44":{"start":{"line":78,"column":4},"end":{"line":78,"column":117}},"45":{"start":{"line":79,"column":4},"end":{"line":94,"column":5}},"46":{"start":{"line":80,"column":8},"end":{"line":80,"column":92}},"47":{"start":{"line":81,"column":8},"end":{"line":85,"column":10}},"48":{"start":{"line":86,"column":8},"end":{"line":93,"column":9}},"49":{"start":{"line":87,"column":12},"end":{"line":89,"column":13}},"50":{"start":{"line":88,"column":16},"end":{"line":88,"column":102}},"51":{"start":{"line":92,"column":12},"end":{"line":92,"column":50}},"52":{"start":{"line":95,"column":4},"end":{"line":95,"column":28}},"53":{"start":{"line":97,"column":0},"end":{"line":107,"column":1}},"54":{"start":{"line":98,"column":4},"end":{"line":99,"column":72}},"55":{"start":{"line":99,"column":31},"end":{"line":99,"column":68}},"56":{"start":{"line":100,"column":4},"end":{"line":100,"column":79}},"57":{"start":{"line":101,"column":4},"end":{"line":106,"column":7}},"58":{"start":{"line":102,"column":8},"end":{"line":104,"column":9}},"59":{"start":{"line":103,"column":12},"end":{"line":103,"column":82}},"60":{"start":{"line":105,"column":8},"end":{"line":105,"column":112}},"61":{"start":{"line":108,"column":0},"end":{"line":108,"column":34}}},"branchMap":{"1":{"line":11,"type":"cond-expr","locations":[{"start":{"line":11,"column":85},"end":{"line":11,"column":117}},{"start":{"line":12,"column":8},"end":{"line":13,"column":25}}]},"2":{"line":12,"type":"cond-expr","locations":[{"start":{"line":12,"column":61},"end":{"line":12,"column":79}},{"start":{"line":13,"column":12},"end":{"line":13,"column":25}}]},"3":{"line":25,"type":"binary-expr","locations":[{"start":{"line":25,"column":19},"end":{"line":25,"column":34}},{"start":{"line":25,"column":38},"end":{"line":25,"column":72}}]},"4":{"line":32,"type":"if","locations":[{"start":{"line":32,"column":12},"end":{"line":32,"column":12}},{"start":{"line":32,"column":12},"end":{"line":32,"column":12}}]},"5":{"line":34,"type":"if","locations":[{"start":{"line":34,"column":16},"end":{"line":34,"column":16}},{"start":{"line":34,"column":16},"end":{"line":34,"column":16}}]},"6":{"line":45,"type":"cond-expr","locations":[{"start":{"line":45,"column":39},"end":{"line":45,"column":66}},{"start":{"line":45,"column":69},"end":{"line":45,"column":78}}]},"7":{"line":49,"type":"cond-expr","locations":[{"start":{"line":49,"column":40},"end":{"line":49,"column":68}},{"start":{"line":49,"column":71},"end":{"line":49,"column":80}}]},"8":{"line":73,"type":"if","locations":[{"start":{"line":73,"column":8},"end":{"line":73,"column":8}},{"start":{"line":73,"column":8},"end":{"line":73,"column":8}}]},"9":{"line":79,"type":"if","locations":[{"start":{"line":79,"column":4},"end":{"line":79,"column":4}},{"start":{"line":79,"column":4},"end":{"line":79,"column":4}}]},"10":{"line":86,"type":"if","locations":[{"start":{"line":86,"column":8},"end":{"line":86,"column":8}},{"start":{"line":86,"column":8},"end":{"line":86,"column":8}}]},"11":{"line":87,"type":"if","locations":[{"start":{"line":87,"column":12},"end":{"line":87,"column":12}},{"start":{"line":87,"column":12},"end":{"line":87,"column":12}}]},"12":{"line":99,"type":"binary-expr","locations":[{"start":{"line":99,"column":38},"end":{"line":99,"column":48}},{"start":{"line":99,"column":52},"end":{"line":99,"column":67}}]},"13":{"line":102,"type":"if","locations":[{"start":{"line":102,"column":8},"end":{"line":102,"column":8}},{"start":{"line":102,"column":8},"end":{"line":102,"column":8}}]}},"code":["\"use strict\";","var constants = require(\"./constants\");","var path = require(\"path\");","var makeResolver = require(\"./resolver\");","var utils = require(\"./utils\");","/**"," * Create the TypeScript language service"," */","function makeServicesHost(scriptRegex, log, loader, instance, appendTsSuffixTo) {","    var compiler = instance.compiler, compilerOptions = instance.compilerOptions, files = instance.files;","    var newLine = compilerOptions.newLine === constants.CarriageReturnLineFeedCode ? constants.CarriageReturnLineFeed :","        compilerOptions.newLine === constants.LineFeedCode ? constants.LineFeed :","            constants.EOL;","    // make a (sync) resolver that follows webpack's rules","    var resolveSync = makeResolver(loader.options);","    var moduleResolutionHost = {","        fileExists: function (fileName) { return utils.readFile(fileName) !== undefined; },","        readFile: function (fileName) { return utils.readFile(fileName); },","    };","    return {","        getProjectVersion: function () { return \"\" + instance.version; },","        getScriptFileNames: function () { return Object.keys(files).filter(function (filePath) { return !!filePath.match(scriptRegex); }); },","        getScriptVersion: function (fileName) {","            fileName = path.normalize(fileName);","            return files[fileName] && files[fileName].version.toString();","        },","        getScriptSnapshot: function (fileName) {","            // This is called any time TypeScript needs a file's text","            // We either load from memory or from disk","            fileName = path.normalize(fileName);","            var file = files[fileName];","            if (!file) {","                var text = utils.readFile(fileName);","                if (!text) {","                    return undefined;","                }","                file = files[fileName] = { version: 0, text: text };","            }","            return compiler.ScriptSnapshot.fromString(file.text);","        },","        /**","         * getDirectories is also required for full import and type reference completions.","         * Without it defined, certain completions will not be provided","         */","        getDirectories: compiler.sys ? compiler.sys.getDirectories : undefined,","        /**","         * For @types expansion, these two functions are needed.","         */","        directoryExists: compiler.sys ? compiler.sys.directoryExists : undefined,","        getCurrentDirectory: function () { return process.cwd(); },","        getCompilationSettings: function () { return compilerOptions; },","        getDefaultLibFileName: function (options) { return compiler.getDefaultLibFilePath(options); },","        getNewLine: function () { return newLine; },","        log: log.log,","        resolveModuleNames: function (moduleNames, containingFile) {","            return resolveModuleNames(resolveSync, moduleResolutionHost, appendTsSuffixTo, scriptRegex, instance, moduleNames, containingFile);","        }","    };","}","function resolveModuleNames(resolveSync, moduleResolutionHost, appendTsSuffixTo, scriptRegex, instance, moduleNames, containingFile) {","    var resolvedModules = moduleNames.map(function (moduleName) {","        return resolveModuleName(resolveSync, moduleResolutionHost, appendTsSuffixTo, scriptRegex, instance, moduleName, containingFile);","    });","    populateDependencyGraphs(resolvedModules, instance, containingFile);","    return resolvedModules;","}","function resolveModuleName(resolveSync, moduleResolutionHost, appendTsSuffixTo, scriptRegex, instance, moduleName, containingFile) {","    var compiler = instance.compiler, compilerOptions = instance.compilerOptions;","    var resolutionResult;","    try {","        var originalFileName = resolveSync(undefined, path.normalize(path.dirname(containingFile)), moduleName);","        var resolvedFileName = utils.appendTsSuffixIfMatch(appendTsSuffixTo, originalFileName);","        if (resolvedFileName.match(scriptRegex)) {","            resolutionResult = { resolvedFileName: resolvedFileName, originalFileName: originalFileName };","        }","    }","    catch (e) { }","    var tsResolution = compiler.resolveModuleName(moduleName, containingFile, compilerOptions, moduleResolutionHost);","    if (tsResolution.resolvedModule) {","        var resolvedFileName = path.normalize(tsResolution.resolvedModule.resolvedFileName);","        var tsResolutionResult = {","            originalFileName: resolvedFileName,","            resolvedFileName: resolvedFileName,","            isExternalLibraryImport: tsResolution.resolvedModule.isExternalLibraryImport","        };","        if (resolutionResult) {","            if (resolutionResult.resolvedFileName === tsResolutionResult.resolvedFileName) {","                resolutionResult.isExternalLibraryImport = tsResolutionResult.isExternalLibraryImport;","            }","        }","        else {","            resolutionResult = tsResolutionResult;","        }","    }","    return resolutionResult;","}","function populateDependencyGraphs(resolvedModules, instance, containingFile) {","    resolvedModules = resolvedModules","        .filter(function (m) { return m !== null && m !== undefined; });","    instance.dependencyGraph[path.normalize(containingFile)] = resolvedModules;","    resolvedModules.forEach(function (resolvedModule) {","        if (!instance.reverseDependencyGraph[resolvedModule.resolvedFileName]) {","            instance.reverseDependencyGraph[resolvedModule.resolvedFileName] = {};","        }","        instance.reverseDependencyGraph[resolvedModule.resolvedFileName][path.normalize(containingFile)] = true;","    });","}","module.exports = makeServicesHost;",""],"l":{"2":1,"3":1,"4":1,"5":1,"9":1,"10":0,"11":0,"15":0,"16":0,"17":0,"18":0,"20":0,"21":0,"22":0,"24":0,"25":0,"30":0,"31":0,"32":0,"33":0,"34":0,"35":0,"37":0,"39":0,"50":0,"51":0,"52":0,"53":0,"56":0,"60":1,"61":0,"62":0,"64":0,"65":0,"67":1,"68":0,"69":0,"70":0,"71":0,"72":0,"73":0,"74":0,"78":0,"79":0,"80":0,"81":0,"86":0,"87":0,"88":0,"92":0,"95":0,"97":1,"98":0,"99":0,"100":0,"101":0,"102":0,"103":0,"105":0,"108":1}},"/home/travis/build/npmtest/node-npmtest-ts-loader/node_modules/ts-loader/dist/resolver.js":{"path":"/home/travis/build/npmtest/node-npmtest-ts-loader/node_modules/ts-loader/dist/resolver.js","s":{"1":1,"2":1,"3":0,"4":1},"b":{},"f":{"1":0},"fnMap":{"1":{"name":"makeResolver","line":3,"loc":{"start":{"line":3,"column":0},"end":{"line":3,"column":31}}}},"statementMap":{"1":{"start":{"line":2,"column":0},"end":{"line":2,"column":48}},"2":{"start":{"line":3,"column":0},"end":{"line":5,"column":1}},"3":{"start":{"line":4,"column":4},"end":{"line":4,"column":45}},"4":{"start":{"line":6,"column":0},"end":{"line":6,"column":30}}},"branchMap":{},"code":["\"use strict\";","var node = require(\"enhanced-resolve/lib/node\");","function makeResolver(options) {","    return node.create.sync(options.resolve);","}","module.exports = makeResolver;",""],"l":{"2":1,"3":1,"4":0,"6":1}},"/home/travis/build/npmtest/node-npmtest-ts-loader/node_modules/ts-loader/dist/watch-run.js":{"path":"/home/travis/build/npmtest/node-npmtest-ts-loader/node_modules/ts-loader/dist/watch-run.js","s":{"1":1,"2":1,"3":1,"4":1,"5":0,"6":0,"7":0,"8":0,"9":0,"10":0,"11":0,"12":0,"13":0,"14":0,"15":0,"16":0,"17":0,"18":0,"19":0,"20":0,"21":0,"22":0,"23":0,"24":1},"b":{"1":[0,0],"2":[0,0],"3":[0,0],"4":[0,0],"5":[0,0],"6":[0,0],"7":[0,0]},"f":{"1":0,"2":0,"3":0,"4":0},"fnMap":{"1":{"name":"makeWatchRun","line":8,"loc":{"start":{"line":8,"column":0},"end":{"line":8,"column":32}}},"2":{"name":"(anonymous_2)","line":11,"loc":{"start":{"line":11,"column":11},"end":{"line":11,"column":35}}},"3":{"name":"(anonymous_3)","line":20,"loc":{"start":{"line":20,"column":20},"end":{"line":20,"column":40}}},"4":{"name":"(anonymous_4)","line":24,"loc":{"start":{"line":24,"column":21},"end":{"line":24,"column":41}}}},"statementMap":{"1":{"start":{"line":2,"column":0},"end":{"line":2,"column":27}},"2":{"start":{"line":3,"column":0},"end":{"line":3,"column":31}},"3":{"start":{"line":4,"column":0},"end":{"line":4,"column":39}},"4":{"start":{"line":8,"column":0},"end":{"line":37,"column":1}},"5":{"start":{"line":9,"column":4},"end":{"line":9,"column":23}},"6":{"start":{"line":10,"column":4},"end":{"line":10,"column":25}},"7":{"start":{"line":11,"column":4},"end":{"line":36,"column":6}},"8":{"start":{"line":12,"column":8},"end":{"line":13,"column":58}},"9":{"start":{"line":14,"column":8},"end":{"line":16,"column":9}},"10":{"start":{"line":15,"column":12},"end":{"line":15,"column":40}},"11":{"start":{"line":17,"column":8},"end":{"line":17,"column":52}},"12":{"start":{"line":18,"column":8},"end":{"line":18,"column":39}},"13":{"start":{"line":19,"column":8},"end":{"line":34,"column":11}},"14":{"start":{"line":21,"column":12},"end":{"line":22,"column":63}},"15":{"start":{"line":25,"column":12},"end":{"line":25,"column":50}},"16":{"start":{"line":26,"column":12},"end":{"line":26,"column":48}},"17":{"start":{"line":27,"column":12},"end":{"line":27,"column":48}},"18":{"start":{"line":28,"column":12},"end":{"line":33,"column":13}},"19":{"start":{"line":29,"column":16},"end":{"line":29,"column":59}},"20":{"start":{"line":30,"column":16},"end":{"line":30,"column":31}},"21":{"start":{"line":31,"column":16},"end":{"line":31,"column":35}},"22":{"start":{"line":32,"column":16},"end":{"line":32,"column":56}},"23":{"start":{"line":35,"column":8},"end":{"line":35,"column":13}},"24":{"start":{"line":38,"column":0},"end":{"line":38,"column":30}}},"branchMap":{"1":{"line":12,"type":"binary-expr","locations":[{"start":{"line":12,"column":22},"end":{"line":12,"column":63}},{"start":{"line":13,"column":12},"end":{"line":13,"column":57}}]},"2":{"line":14,"type":"if","locations":[{"start":{"line":14,"column":8},"end":{"line":14,"column":8}},{"start":{"line":14,"column":8},"end":{"line":14,"column":8}}]},"3":{"line":17,"type":"binary-expr","locations":[{"start":{"line":17,"column":20},"end":{"line":17,"column":29}},{"start":{"line":17,"column":33},"end":{"line":17,"column":51}}]},"4":{"line":21,"type":"binary-expr","locations":[{"start":{"line":21,"column":19},"end":{"line":21,"column":71}},{"start":{"line":22,"column":19},"end":{"line":22,"column":62}}]},"5":{"line":21,"type":"binary-expr","locations":[{"start":{"line":21,"column":38},"end":{"line":21,"column":57}},{"start":{"line":21,"column":61},"end":{"line":21,"column":70}}]},"6":{"line":28,"type":"if","locations":[{"start":{"line":28,"column":12},"end":{"line":28,"column":12}},{"start":{"line":28,"column":12},"end":{"line":28,"column":12}}]},"7":{"line":29,"type":"binary-expr","locations":[{"start":{"line":29,"column":28},"end":{"line":29,"column":52}},{"start":{"line":29,"column":56},"end":{"line":29,"column":58}}]}},"code":["\"use strict\";","var path = require(\"path\");","var utils = require(\"./utils\");","var constants = require(\"./constants\");","/**"," * Make function which will manually update changed files"," */","function makeWatchRun(instance) {","    var lastTimes = {};","    var startTime = null;","    return function (watching, cb) {","        var watcher = watching.compiler.watchFileSystem.watcher ||","            watching.compiler.watchFileSystem.wfs.watcher;","        if (null === instance.modifiedFiles) {","            instance.modifiedFiles = {};","        }","        startTime = startTime || watching.startTime;","        var times = watcher.getTimes();","        Object.keys(times)","            .filter(function (filePath) {","            return times[filePath] > (lastTimes[filePath] || startTime)","                && !!filePath.match(constants.tsTsxJsJsxRegex);","        })","            .forEach(function (filePath) {","            lastTimes[filePath] = times[filePath];","            filePath = path.normalize(filePath);","            var file = instance.files[filePath];","            if (file) {","                file.text = utils.readFile(filePath) || '';","                file.version++;","                instance.version++;","                instance.modifiedFiles[filePath] = file;","            }","        });","        cb();","    };","}","module.exports = makeWatchRun;",""],"l":{"2":1,"3":1,"4":1,"8":1,"9":0,"10":0,"11":0,"12":0,"14":0,"15":0,"17":0,"18":0,"19":0,"21":0,"25":0,"26":0,"27":0,"28":0,"29":0,"30":0,"31":0,"32":0,"35":0,"38":1}}}